[DEBUG] 2016-09-21 17:31:33,283 [http-nio-7200-exec-4 | c.o.t.q.LoggingClosableIteration] Query executed successfully
<?xml version='1.0'?>
<query includeInferred='true' maxExecutionTime='0'>
	<body>SELECT *
		FROM NAMED &lt;http://www.ontotext.com/skip-redundant-implicit&gt;
		FROM NAMED &lt;http://www.ontotext.com/explicit&gt;
		
		FROM &lt;http://www.ontotext.com/disable-sameAs&gt;
		WHERE {
			{ 
				GRAPH ?context { ?subject ?predicate ?object }
				FILTER (?predicate != &lt;http://dbpedia.org/property/wikilink&gt; ) .
				FILTER (?subject = &lt;http://data.lof.com/id/tree/esp33155&gt;) . 
			}
		} LIMIT 2147483647 OFFSET 0</body>
	<dataset>
		<defaultGraphs>
			<graph>http://www.ontotext.com/count</graph>
		</defaultGraphs>
		<namedGraphs>
			<graph>http://www.ontotext.com/skip-redundant-implicit</graph>
			<graph>http://www.ontotext.com/explicit</graph>
		</namedGraphs>
		<defaultRemoveGraphs>
		</defaultRemoveGraphs>
	</dataset>
</query>

[DEBUG] 2016-09-21 17:31:33,372 [http-nio-7200-exec-10 | c.o.t.q.LoggingClosableIteration] Query executed successfully
<?xml version='1.0'?>
<query includeInferred='true' maxExecutionTime='0'>
	<body>SELECT * WHERE {
			OPTIONAL {
				&lt;http://data.lof.com/id/tree/esp33155&gt; &lt;http://www.w3.org/2000/01/rdf-schema#label&gt; ?label . 
				FILTER (isLiteral(?label))
			}
			OPTIONAL {
				&lt;http://data.lof.com/id/tree/esp33155&gt; &lt;http://www.w3.org/2000/01/rdf-schema#comment&gt; ?comment
				FILTER (isLiteral(?comment))
			}
			OPTIONAL {
				&lt;http://data.lof.com/id/tree/esp33155&gt; &lt;http://www.ontotext.com/owlim/hasRDFRank&gt; ?rank
			}
		} LIMIT 1</body>
</query>

[DEBUG] 2016-09-21 17:31:33,547 [http-nio-7200-exec-9 | c.o.t.q.LoggingClosableIteration] Query executed successfully
<?xml version='1.0'?>
<query includeInferred='true' maxExecutionTime='0'>
	<body>SELECT *
		FROM NAMED &lt;http://www.ontotext.com/skip-redundant-implicit&gt;
		FROM NAMED &lt;http://www.ontotext.com/explicit&gt;
		
		FROM &lt;http://www.ontotext.com/disable-sameAs&gt;
		WHERE {
			{ 
				GRAPH ?context { ?subject ?predicate ?object }
				FILTER (?predicate != &lt;http://dbpedia.org/property/wikilink&gt; ) .
				FILTER (?subject = &lt;http://data.lof.com/id/tree/esp33155&gt;) . 
			}
		} LIMIT 1000 OFFSET 0</body>
	<dataset>
		<defaultGraphs>
			<graph>http://www.ontotext.com/disable-sameAs</graph>
		</defaultGraphs>
		<namedGraphs>
			<graph>http://www.ontotext.com/skip-redundant-implicit</graph>
			<graph>http://www.ontotext.com/explicit</graph>
		</namedGraphs>
		<defaultRemoveGraphs>
		</defaultRemoveGraphs>
	</dataset>
</query>

[DEBUG] 2016-09-21 17:32:53,836 [repositories/trees | c.o.t.q.LoggingClosableIteration] Query executed successfully
<?xml version='1.0'?>
<query includeInferred='true' maxExecutionTime='0'>
	<body>PREFIX rdfs: &lt;http://www.w3.org/2000/01/rdf-schema#&gt;
SELECT DISTINCT ?s  ?o
FROM &lt;http://data.lof.com/tree&gt; WHERE {
	?s rdfs:comment ?o .
   # ?s &lt;http://data.lof.com/def/tonto#genreBotanique&gt; ?o
     #   BIND(LCASE(?o) AS ?or)
    #filter (?o &gt; "2010")
       # filter (?c = "celtis")
}   limit 25 offset 0</body>
	<dataset>
		<defaultGraphs>
			<graph>http://data.lof.com/tree</graph>
		</defaultGraphs>
		<namedGraphs>
		</namedGraphs>
		<defaultRemoveGraphs>
		</defaultRemoveGraphs>
	</dataset>
</query>

[DEBUG] 2016-09-21 17:32:54,076 [repositories/trees | c.o.t.q.LoggingClosableIteration] Query executed successfully
<?xml version='1.0'?>
<query includeInferred='true' maxExecutionTime='0'>
	<body>PREFIX rdfs: &lt;http://www.w3.org/2000/01/rdf-schema#&gt;
SELECT DISTINCT ?s  ?o
FROM &lt;http://data.lof.com/tree&gt; WHERE {
	?s rdfs:comment ?o .
   # ?s &lt;http://data.lof.com/def/tonto#genreBotanique&gt; ?o
     #   BIND(LCASE(?o) AS ?or)
    #filter (?o &gt; "2010")
       # filter (?c = "celtis")
} limit 25</body>
	<dataset>
		<defaultGraphs>
			<graph>http://data.lof.com/tree</graph>
			<graph>http://www.ontotext.com/count</graph>
		</defaultGraphs>
		<namedGraphs>
		</namedGraphs>
		<defaultRemoveGraphs>
		</defaultRemoveGraphs>
	</dataset>
</query>

[DEBUG] 2016-09-21 17:32:59,758 [repositories/trees | c.o.t.q.LoggingClosableIteration] Query executed successfully
<?xml version='1.0'?>
<query includeInferred='true' maxExecutionTime='0'>
	<body>PREFIX rdfs: &lt;http://www.w3.org/2000/01/rdf-schema#&gt;
SELECT DISTINCT ?s  ?o
FROM &lt;http://data.lof.com/tree&gt; WHERE {
	?s rdfs:comment ?o .
   # ?s &lt;http://data.lof.com/def/tonto#genreBotanique&gt; ?o
     #   BIND(LCASE(?o) AS ?or)
    #filter (?o &gt; "2010")
       # filter (?c = "celtis")
}  limit 1000 offset 0</body>
	<dataset>
		<defaultGraphs>
			<graph>http://data.lof.com/tree</graph>
		</defaultGraphs>
		<namedGraphs>
		</namedGraphs>
		<defaultRemoveGraphs>
		</defaultRemoveGraphs>
	</dataset>
</query>

[DEBUG] 2016-09-21 17:33:05,525 [repositories/trees | c.o.t.q.LoggingClosableIteration] Query executed successfully
<?xml version='1.0'?>
<query includeInferred='true' maxExecutionTime='0'>
	<body>PREFIX rdfs: &lt;http://www.w3.org/2000/01/rdf-schema#&gt;
SELECT DISTINCT ?s  ?o
FROM &lt;http://data.lof.com/tree&gt; WHERE {
	?s rdfs:comment ?o .
   # ?s &lt;http://data.lof.com/def/tonto#genreBotanique&gt; ?o
     #   BIND(LCASE(?o) AS ?or)
    #filter (?o &gt; "2010")
       # filter (?c = "celtis")
} </body>
	<dataset>
		<defaultGraphs>
			<graph>http://data.lof.com/tree</graph>
			<graph>http://www.ontotext.com/count</graph>
		</defaultGraphs>
		<namedGraphs>
		</namedGraphs>
		<defaultRemoveGraphs>
		</defaultRemoveGraphs>
	</dataset>
</query>

[DEBUG] 2016-09-21 17:33:23,525 [repositories/trees | c.o.t.q.LoggingClosableIteration] Query executed successfully
<?xml version='1.0'?>
<query includeInferred='true' maxExecutionTime='0'>
	<body>PREFIX rdfs: &lt;http://www.w3.org/2000/01/rdf-schema#&gt;
SELECT DISTINCT ?s  ?o
FROM &lt;http://data.lof.com/tree&gt; WHERE {
	?s rdfs:comment ?o .
   # ?s &lt;http://data.lof.com/def/tonto#genreBotanique&gt; ?o
     #   BIND(LCASE(?o) AS ?or)
    filter (?o != "N/A")
       # filter (?c = "celtis")
    
}  limit 1000 offset 0</body>
	<dataset>
		<defaultGraphs>
			<graph>http://data.lof.com/tree</graph>
		</defaultGraphs>
		<namedGraphs>
		</namedGraphs>
		<defaultRemoveGraphs>
		</defaultRemoveGraphs>
	</dataset>
</query>

[DEBUG] 2016-09-21 17:33:24,988 [repositories/trees | c.o.t.q.LoggingClosableIteration] Query executed successfully
<?xml version='1.0'?>
<query includeInferred='true' maxExecutionTime='0'>
	<body>PREFIX rdfs: &lt;http://www.w3.org/2000/01/rdf-schema#&gt;
SELECT DISTINCT ?s  ?o
FROM &lt;http://data.lof.com/tree&gt; WHERE {
	?s rdfs:comment ?o .
   # ?s &lt;http://data.lof.com/def/tonto#genreBotanique&gt; ?o
     #   BIND(LCASE(?o) AS ?or)
    filter (?o != "N/A")
       # filter (?c = "celtis")
    
} </body>
	<dataset>
		<defaultGraphs>
			<graph>http://data.lof.com/tree</graph>
			<graph>http://www.ontotext.com/count</graph>
		</defaultGraphs>
		<namedGraphs>
		</namedGraphs>
		<defaultRemoveGraphs>
		</defaultRemoveGraphs>
	</dataset>
</query>

[DEBUG] 2016-09-21 17:34:07,431 [repositories/trees | c.o.t.q.LoggingClosableIteration] Query executed successfully
<?xml version='1.0'?>
<query includeInferred='true' maxExecutionTime='0'>
	<body>PREFIX rdfs: &lt;http://www.w3.org/2000/01/rdf-schema#&gt;
SELECT DISTINCT ?s  ?o
FROM &lt;http://data.lof.com/tree&gt; WHERE {
	?s rdfs:comment ?o .
   # ?s &lt;http://data.lof.com/def/tonto#genreBotanique&gt; ?o
     #   BIND(LCASE(?o) AS ?or)
    filter ((?o != "N/A") &amp;&amp; (?o != "O"))
       # filter (?c = "celtis")
    
}  limit 1000 offset 0</body>
	<dataset>
		<defaultGraphs>
			<graph>http://data.lof.com/tree</graph>
		</defaultGraphs>
		<namedGraphs>
		</namedGraphs>
		<defaultRemoveGraphs>
		</defaultRemoveGraphs>
	</dataset>
</query>

[DEBUG] 2016-09-21 17:34:08,110 [repositories/trees | c.o.t.q.LoggingClosableIteration] Query executed successfully
<?xml version='1.0'?>
<query includeInferred='true' maxExecutionTime='0'>
	<body>PREFIX rdfs: &lt;http://www.w3.org/2000/01/rdf-schema#&gt;
SELECT DISTINCT ?s  ?o
FROM &lt;http://data.lof.com/tree&gt; WHERE {
	?s rdfs:comment ?o .
   # ?s &lt;http://data.lof.com/def/tonto#genreBotanique&gt; ?o
     #   BIND(LCASE(?o) AS ?or)
    filter ((?o != "N/A") &amp;&amp; (?o != "O"))
       # filter (?c = "celtis")
    
} </body>
	<dataset>
		<defaultGraphs>
			<graph>http://data.lof.com/tree</graph>
			<graph>http://www.ontotext.com/count</graph>
		</defaultGraphs>
		<namedGraphs>
		</namedGraphs>
		<defaultRemoveGraphs>
		</defaultRemoveGraphs>
	</dataset>
</query>

[DEBUG] 2016-09-21 17:34:13,049 [repositories/trees | c.o.t.q.LoggingClosableIteration] Query executed successfully
<?xml version='1.0'?>
<query includeInferred='true' maxExecutionTime='0'>
	<body>PREFIX rdfs: &lt;http://www.w3.org/2000/01/rdf-schema#&gt;
SELECT DISTINCT ?s  ?o
FROM &lt;http://data.lof.com/tree&gt; WHERE {
	?s rdfs:comment ?o .
   # ?s &lt;http://data.lof.com/def/tonto#genreBotanique&gt; ?o
     #   BIND(LCASE(?o) AS ?or)
    filter ((?o != "N/A") &amp;&amp; (?o != "0"))
       # filter (?c = "celtis")
    
}  limit 1000 offset 0</body>
	<dataset>
		<defaultGraphs>
			<graph>http://data.lof.com/tree</graph>
		</defaultGraphs>
		<namedGraphs>
		</namedGraphs>
		<defaultRemoveGraphs>
		</defaultRemoveGraphs>
	</dataset>
</query>

[DEBUG] 2016-09-21 17:34:14,052 [repositories/trees | c.o.t.q.LoggingClosableIteration] Query executed successfully
<?xml version='1.0'?>
<query includeInferred='true' maxExecutionTime='0'>
	<body>PREFIX rdfs: &lt;http://www.w3.org/2000/01/rdf-schema#&gt;
SELECT DISTINCT ?s  ?o
FROM &lt;http://data.lof.com/tree&gt; WHERE {
	?s rdfs:comment ?o .
   # ?s &lt;http://data.lof.com/def/tonto#genreBotanique&gt; ?o
     #   BIND(LCASE(?o) AS ?or)
    filter ((?o != "N/A") &amp;&amp; (?o != "0"))
       # filter (?c = "celtis")
    
} </body>
	<dataset>
		<defaultGraphs>
			<graph>http://data.lof.com/tree</graph>
			<graph>http://www.ontotext.com/count</graph>
		</defaultGraphs>
		<namedGraphs>
		</namedGraphs>
		<defaultRemoveGraphs>
		</defaultRemoveGraphs>
	</dataset>
</query>

[DEBUG] 2016-09-21 17:36:50,001 [repositories/trees | c.o.t.q.LoggingClosableIteration] Query executed successfully
<?xml version='1.0'?>
<query includeInferred='true' maxExecutionTime='0'>
	<body>PREFIX rdfs: &lt;http://www.w3.org/2000/01/rdf-schema#&gt;
SELECT DISTINCT ?s  ?o
FROM &lt;http://data.lof.com/tree&gt; WHERE {
	?s rdfs:comment ?o .
   # ?s &lt;http://data.lof.com/def/tonto#genreBotanique&gt; ?o
     #   BIND(LCASE(?o) AS ?or)
    filter ((?o != "N/A") &amp;&amp; (?o != "0"))
    filter (regex (?c , "erreur","i"))
    
}  limit 1000 offset 0</body>
	<dataset>
		<defaultGraphs>
			<graph>http://data.lof.com/tree</graph>
		</defaultGraphs>
		<namedGraphs>
		</namedGraphs>
		<defaultRemoveGraphs>
		</defaultRemoveGraphs>
	</dataset>
</query>

[DEBUG] 2016-09-21 17:36:50,189 [repositories/trees | c.o.t.q.LoggingClosableIteration] Query executed successfully
<?xml version='1.0'?>
<query includeInferred='true' maxExecutionTime='0'>
	<body>PREFIX rdfs: &lt;http://www.w3.org/2000/01/rdf-schema#&gt;
SELECT DISTINCT ?s  ?o
FROM &lt;http://data.lof.com/tree&gt; WHERE {
	?s rdfs:comment ?o .
   # ?s &lt;http://data.lof.com/def/tonto#genreBotanique&gt; ?o
     #   BIND(LCASE(?o) AS ?or)
    filter ((?o != "N/A") &amp;&amp; (?o != "0"))
    filter (regex (?c , "erreur","i"))
    
} </body>
	<dataset>
		<defaultGraphs>
			<graph>http://data.lof.com/tree</graph>
			<graph>http://www.ontotext.com/count</graph>
		</defaultGraphs>
		<namedGraphs>
		</namedGraphs>
		<defaultRemoveGraphs>
		</defaultRemoveGraphs>
	</dataset>
</query>

[DEBUG] 2016-09-21 17:37:05,122 [repositories/trees | c.o.t.q.LoggingClosableIteration] Query executed successfully
<?xml version='1.0'?>
<query includeInferred='true' maxExecutionTime='0'>
	<body>PREFIX rdfs: &lt;http://www.w3.org/2000/01/rdf-schema#&gt;
SELECT DISTINCT ?s  ?o
FROM &lt;http://data.lof.com/tree&gt; WHERE {
	?s rdfs:comment ?o .
   # ?s &lt;http://data.lof.com/def/tonto#genreBotanique&gt; ?o
     #   BIND(LCASE(?o) AS ?or)
    filter ((?o != "N/A") &amp;&amp; (?o != "0"))
    filter (regex (?o , "erreur","i"))
    
}  limit 1000 offset 0</body>
	<dataset>
		<defaultGraphs>
			<graph>http://data.lof.com/tree</graph>
		</defaultGraphs>
		<namedGraphs>
		</namedGraphs>
		<defaultRemoveGraphs>
		</defaultRemoveGraphs>
	</dataset>
</query>

[DEBUG] 2016-09-21 17:37:05,362 [repositories/trees | c.o.t.q.LoggingClosableIteration] Query executed successfully
<?xml version='1.0'?>
<query includeInferred='true' maxExecutionTime='0'>
	<body>PREFIX rdfs: &lt;http://www.w3.org/2000/01/rdf-schema#&gt;
SELECT DISTINCT ?s  ?o
FROM &lt;http://data.lof.com/tree&gt; WHERE {
	?s rdfs:comment ?o .
   # ?s &lt;http://data.lof.com/def/tonto#genreBotanique&gt; ?o
     #   BIND(LCASE(?o) AS ?or)
    filter ((?o != "N/A") &amp;&amp; (?o != "0"))
    filter (regex (?o , "erreur","i"))
    
} </body>
	<dataset>
		<defaultGraphs>
			<graph>http://data.lof.com/tree</graph>
			<graph>http://www.ontotext.com/count</graph>
		</defaultGraphs>
		<namedGraphs>
		</namedGraphs>
		<defaultRemoveGraphs>
		</defaultRemoveGraphs>
	</dataset>
</query>

[DEBUG] 2016-09-21 17:38:04,160 [http-nio-7200-exec-8 | c.o.t.q.LoggingClosableIteration] Query executed successfully
<?xml version='1.0'?>
<query includeInferred='true' maxExecutionTime='0'>
	<body>SELECT * WHERE {
			OPTIONAL {
				&lt;http://data.lof.com/id/tree/esp8585&gt; &lt;http://www.w3.org/2000/01/rdf-schema#label&gt; ?label . 
				FILTER (isLiteral(?label))
			}
			OPTIONAL {
				&lt;http://data.lof.com/id/tree/esp8585&gt; &lt;http://www.w3.org/2000/01/rdf-schema#comment&gt; ?comment
				FILTER (isLiteral(?comment))
			}
			OPTIONAL {
				&lt;http://data.lof.com/id/tree/esp8585&gt; &lt;http://www.ontotext.com/owlim/hasRDFRank&gt; ?rank
			}
		} LIMIT 1</body>
</query>

[DEBUG] 2016-09-21 17:38:04,287 [http-nio-7200-exec-3 | c.o.t.q.LoggingClosableIteration] Query executed successfully
<?xml version='1.0'?>
<query includeInferred='true' maxExecutionTime='0'>
	<body>SELECT *
		FROM NAMED &lt;http://www.ontotext.com/skip-redundant-implicit&gt;
		FROM NAMED &lt;http://www.ontotext.com/explicit&gt;
		
		FROM &lt;http://www.ontotext.com/disable-sameAs&gt;
		WHERE {
			{ 
				GRAPH ?context { ?subject ?predicate ?object }
				FILTER (?predicate != &lt;http://dbpedia.org/property/wikilink&gt; ) .
				FILTER (?subject = &lt;http://data.lof.com/id/tree/esp8585&gt;) . 
			}
		} LIMIT 2147483647 OFFSET 0</body>
	<dataset>
		<defaultGraphs>
			<graph>http://www.ontotext.com/count</graph>
		</defaultGraphs>
		<namedGraphs>
			<graph>http://www.ontotext.com/skip-redundant-implicit</graph>
			<graph>http://www.ontotext.com/explicit</graph>
		</namedGraphs>
		<defaultRemoveGraphs>
		</defaultRemoveGraphs>
	</dataset>
</query>

[DEBUG] 2016-09-21 17:38:04,307 [http-nio-7200-exec-9 | c.o.t.q.LoggingClosableIteration] Query executed successfully
<?xml version='1.0'?>
<query includeInferred='true' maxExecutionTime='0'>
	<body>SELECT *
		FROM NAMED &lt;http://www.ontotext.com/skip-redundant-implicit&gt;
		FROM NAMED &lt;http://www.ontotext.com/explicit&gt;
		
		FROM &lt;http://www.ontotext.com/disable-sameAs&gt;
		WHERE {
			{ 
				GRAPH ?context { ?subject ?predicate ?object }
				FILTER (?predicate != &lt;http://dbpedia.org/property/wikilink&gt; ) .
				FILTER (?subject = &lt;http://data.lof.com/id/tree/esp8585&gt;) . 
			}
		} LIMIT 1000 OFFSET 0</body>
	<dataset>
		<defaultGraphs>
			<graph>http://www.ontotext.com/disable-sameAs</graph>
		</defaultGraphs>
		<namedGraphs>
			<graph>http://www.ontotext.com/skip-redundant-implicit</graph>
			<graph>http://www.ontotext.com/explicit</graph>
		</namedGraphs>
		<defaultRemoveGraphs>
		</defaultRemoveGraphs>
	</dataset>
</query>

[DEBUG] 2016-09-21 17:40:07,502 [repositories/trees | c.o.t.q.LoggingClosableIteration] Query executed successfully
<?xml version='1.0'?>
<query includeInferred='true' maxExecutionTime='0'>
	<body>PREFIX rdfs: &lt;http://www.w3.org/2000/01/rdf-schema#&gt;
SELECT DISTINCT ?s  ?o
FROM &lt;http://data.lof.com/tree&gt; WHERE {
	?s rdfs:comment ?o .
   # ?s &lt;http://data.lof.com/def/tonto#genreBotanique&gt; ?o
     #   BIND(LCASE(?o) AS ?or)
    filter ((?o != "N/A") &amp;&amp; (?o != "0"))
    filter (regex (?o , "erreur","i"))
    
}  limit 1000 offset 0</body>
	<dataset>
		<defaultGraphs>
			<graph>http://data.lof.com/tree</graph>
		</defaultGraphs>
		<namedGraphs>
		</namedGraphs>
		<defaultRemoveGraphs>
		</defaultRemoveGraphs>
	</dataset>
</query>

[DEBUG] 2016-09-21 17:40:07,806 [repositories/trees | c.o.t.q.LoggingClosableIteration] Query executed successfully
<?xml version='1.0'?>
<query includeInferred='true' maxExecutionTime='0'>
	<body>PREFIX rdfs: &lt;http://www.w3.org/2000/01/rdf-schema#&gt;
SELECT DISTINCT ?s  ?o
FROM &lt;http://data.lof.com/tree&gt; WHERE {
	?s rdfs:comment ?o .
   # ?s &lt;http://data.lof.com/def/tonto#genreBotanique&gt; ?o
     #   BIND(LCASE(?o) AS ?or)
    filter ((?o != "N/A") &amp;&amp; (?o != "0"))
    filter (regex (?o , "erreur","i"))
    
} </body>
	<dataset>
		<defaultGraphs>
			<graph>http://data.lof.com/tree</graph>
			<graph>http://www.ontotext.com/count</graph>
		</defaultGraphs>
		<namedGraphs>
		</namedGraphs>
		<defaultRemoveGraphs>
		</defaultRemoveGraphs>
	</dataset>
</query>

[DEBUG] 2016-09-21 17:40:55,811 [http-nio-7200-exec-8 | c.o.t.q.LoggingClosableIteration] Query executed successfully
<?xml version='1.0'?>
<query includeInferred='true' maxExecutionTime='0'>
	<body>SELECT *
		FROM NAMED &lt;http://www.ontotext.com/skip-redundant-implicit&gt;
		FROM NAMED &lt;http://www.ontotext.com/explicit&gt;
		
		FROM &lt;http://www.ontotext.com/disable-sameAs&gt;
		WHERE {
			{ 
				GRAPH ?context { ?subject ?predicate ?object }
				FILTER (?predicate != &lt;http://dbpedia.org/property/wikilink&gt; ) .
				FILTER (?subject = &lt;http://data.lof.com/id/tree/esp26285&gt;) . 
			}
		} LIMIT 1000 OFFSET 0</body>
	<dataset>
		<defaultGraphs>
			<graph>http://www.ontotext.com/disable-sameAs</graph>
		</defaultGraphs>
		<namedGraphs>
			<graph>http://www.ontotext.com/skip-redundant-implicit</graph>
			<graph>http://www.ontotext.com/explicit</graph>
		</namedGraphs>
		<defaultRemoveGraphs>
		</defaultRemoveGraphs>
	</dataset>
</query>

[DEBUG] 2016-09-21 17:40:55,840 [http-nio-7200-exec-3 | c.o.t.q.LoggingClosableIteration] Query executed successfully
<?xml version='1.0'?>
<query includeInferred='true' maxExecutionTime='0'>
	<body>SELECT *
		FROM NAMED &lt;http://www.ontotext.com/skip-redundant-implicit&gt;
		FROM NAMED &lt;http://www.ontotext.com/explicit&gt;
		
		FROM &lt;http://www.ontotext.com/disable-sameAs&gt;
		WHERE {
			{ 
				GRAPH ?context { ?subject ?predicate ?object }
				FILTER (?predicate != &lt;http://dbpedia.org/property/wikilink&gt; ) .
				FILTER (?subject = &lt;http://data.lof.com/id/tree/esp26285&gt;) . 
			}
		} LIMIT 2147483647 OFFSET 0</body>
	<dataset>
		<defaultGraphs>
			<graph>http://www.ontotext.com/count</graph>
		</defaultGraphs>
		<namedGraphs>
			<graph>http://www.ontotext.com/skip-redundant-implicit</graph>
			<graph>http://www.ontotext.com/explicit</graph>
		</namedGraphs>
		<defaultRemoveGraphs>
		</defaultRemoveGraphs>
	</dataset>
</query>

[DEBUG] 2016-09-21 17:40:55,892 [http-nio-7200-exec-9 | c.o.t.q.LoggingClosableIteration] Query executed successfully
<?xml version='1.0'?>
<query includeInferred='true' maxExecutionTime='0'>
	<body>SELECT * WHERE {
			OPTIONAL {
				&lt;http://data.lof.com/id/tree/esp26285&gt; &lt;http://www.w3.org/2000/01/rdf-schema#label&gt; ?label . 
				FILTER (isLiteral(?label))
			}
			OPTIONAL {
				&lt;http://data.lof.com/id/tree/esp26285&gt; &lt;http://www.w3.org/2000/01/rdf-schema#comment&gt; ?comment
				FILTER (isLiteral(?comment))
			}
			OPTIONAL {
				&lt;http://data.lof.com/id/tree/esp26285&gt; &lt;http://www.ontotext.com/owlim/hasRDFRank&gt; ?rank
			}
		} LIMIT 1</body>
</query>

[DEBUG] 2016-09-21 17:41:06,600 [repositories/trees | c.o.t.q.LoggingClosableIteration] Query executed successfully
<?xml version='1.0'?>
<query includeInferred='true' maxExecutionTime='0'>
	<body>PREFIX rdfs: &lt;http://www.w3.org/2000/01/rdf-schema#&gt;
SELECT DISTINCT ?s  ?o
FROM &lt;http://data.lof.com/tree&gt; WHERE {
	?s rdfs:comment ?o .
   # ?s &lt;http://data.lof.com/def/tonto#genreBotanique&gt; ?o
     #   BIND(LCASE(?o) AS ?or)
    filter ((?o != "N/A") &amp;&amp; (?o != "0"))
    filter (regex (?o , "erreur","i"))
    
}  limit 1000 offset 0</body>
	<dataset>
		<defaultGraphs>
			<graph>http://data.lof.com/tree</graph>
		</defaultGraphs>
		<namedGraphs>
		</namedGraphs>
		<defaultRemoveGraphs>
		</defaultRemoveGraphs>
	</dataset>
</query>

[DEBUG] 2016-09-21 17:41:06,873 [repositories/trees | c.o.t.q.LoggingClosableIteration] Query executed successfully
<?xml version='1.0'?>
<query includeInferred='true' maxExecutionTime='0'>
	<body>PREFIX rdfs: &lt;http://www.w3.org/2000/01/rdf-schema#&gt;
SELECT DISTINCT ?s  ?o
FROM &lt;http://data.lof.com/tree&gt; WHERE {
	?s rdfs:comment ?o .
   # ?s &lt;http://data.lof.com/def/tonto#genreBotanique&gt; ?o
     #   BIND(LCASE(?o) AS ?or)
    filter ((?o != "N/A") &amp;&amp; (?o != "0"))
    filter (regex (?o , "erreur","i"))
    
} </body>
	<dataset>
		<defaultGraphs>
			<graph>http://data.lof.com/tree</graph>
			<graph>http://www.ontotext.com/count</graph>
		</defaultGraphs>
		<namedGraphs>
		</namedGraphs>
		<defaultRemoveGraphs>
		</defaultRemoveGraphs>
	</dataset>
</query>

[DEBUG] 2016-09-21 17:41:37,515 [http-nio-7200-exec-4 | c.o.t.q.LoggingClosableIteration] Query executed successfully
<?xml version='1.0'?>
<query includeInferred='true' maxExecutionTime='0'>
	<body>SELECT * WHERE {
			OPTIONAL {
				&lt;http://data.lof.com/id/tree/esp11524&gt; &lt;http://www.w3.org/2000/01/rdf-schema#label&gt; ?label . 
				FILTER (isLiteral(?label))
			}
			OPTIONAL {
				&lt;http://data.lof.com/id/tree/esp11524&gt; &lt;http://www.w3.org/2000/01/rdf-schema#comment&gt; ?comment
				FILTER (isLiteral(?comment))
			}
			OPTIONAL {
				&lt;http://data.lof.com/id/tree/esp11524&gt; &lt;http://www.ontotext.com/owlim/hasRDFRank&gt; ?rank
			}
		} LIMIT 1</body>
</query>

[DEBUG] 2016-09-21 17:41:37,663 [http-nio-7200-exec-1 | c.o.t.q.LoggingClosableIteration] Query executed successfully
<?xml version='1.0'?>
<query includeInferred='true' maxExecutionTime='0'>
	<body>SELECT *
		FROM NAMED &lt;http://www.ontotext.com/skip-redundant-implicit&gt;
		FROM NAMED &lt;http://www.ontotext.com/explicit&gt;
		
		FROM &lt;http://www.ontotext.com/disable-sameAs&gt;
		WHERE {
			{ 
				GRAPH ?context { ?subject ?predicate ?object }
				FILTER (?predicate != &lt;http://dbpedia.org/property/wikilink&gt; ) .
				FILTER (?subject = &lt;http://data.lof.com/id/tree/esp11524&gt;) . 
			}
		} LIMIT 2147483647 OFFSET 0</body>
	<dataset>
		<defaultGraphs>
			<graph>http://www.ontotext.com/count</graph>
		</defaultGraphs>
		<namedGraphs>
			<graph>http://www.ontotext.com/skip-redundant-implicit</graph>
			<graph>http://www.ontotext.com/explicit</graph>
		</namedGraphs>
		<defaultRemoveGraphs>
		</defaultRemoveGraphs>
	</dataset>
</query>

[DEBUG] 2016-09-21 17:41:37,666 [http-nio-7200-exec-2 | c.o.t.q.LoggingClosableIteration] Query executed successfully
<?xml version='1.0'?>
<query includeInferred='true' maxExecutionTime='0'>
	<body>SELECT *
		FROM NAMED &lt;http://www.ontotext.com/skip-redundant-implicit&gt;
		FROM NAMED &lt;http://www.ontotext.com/explicit&gt;
		
		FROM &lt;http://www.ontotext.com/disable-sameAs&gt;
		WHERE {
			{ 
				GRAPH ?context { ?subject ?predicate ?object }
				FILTER (?predicate != &lt;http://dbpedia.org/property/wikilink&gt; ) .
				FILTER (?subject = &lt;http://data.lof.com/id/tree/esp11524&gt;) . 
			}
		} LIMIT 1000 OFFSET 0</body>
	<dataset>
		<defaultGraphs>
			<graph>http://www.ontotext.com/disable-sameAs</graph>
		</defaultGraphs>
		<namedGraphs>
			<graph>http://www.ontotext.com/skip-redundant-implicit</graph>
			<graph>http://www.ontotext.com/explicit</graph>
		</namedGraphs>
		<defaultRemoveGraphs>
		</defaultRemoveGraphs>
	</dataset>
</query>

[DEBUG] 2016-09-21 17:41:57,685 [repositories/trees | c.o.t.q.LoggingClosableIteration] Query executed successfully
<?xml version='1.0'?>
<query includeInferred='true' maxExecutionTime='0'>
	<body>PREFIX rdfs: &lt;http://www.w3.org/2000/01/rdf-schema#&gt;
SELECT DISTINCT ?s  ?o
FROM &lt;http://data.lof.com/tree&gt; WHERE {
	?s rdfs:comment ?o .
   # ?s &lt;http://data.lof.com/def/tonto#genreBotanique&gt; ?o
     #   BIND(LCASE(?o) AS ?or)
    filter ((?o != "N/A") &amp;&amp; (?o != "0"))
    filter (regex (?o , "erreur","i"))
    
}  limit 1000 offset 0</body>
	<dataset>
		<defaultGraphs>
			<graph>http://data.lof.com/tree</graph>
		</defaultGraphs>
		<namedGraphs>
		</namedGraphs>
		<defaultRemoveGraphs>
		</defaultRemoveGraphs>
	</dataset>
</query>

[DEBUG] 2016-09-21 17:41:57,860 [repositories/trees | c.o.t.q.LoggingClosableIteration] Query executed successfully
<?xml version='1.0'?>
<query includeInferred='true' maxExecutionTime='0'>
	<body>PREFIX rdfs: &lt;http://www.w3.org/2000/01/rdf-schema#&gt;
SELECT DISTINCT ?s  ?o
FROM &lt;http://data.lof.com/tree&gt; WHERE {
	?s rdfs:comment ?o .
   # ?s &lt;http://data.lof.com/def/tonto#genreBotanique&gt; ?o
     #   BIND(LCASE(?o) AS ?or)
    filter ((?o != "N/A") &amp;&amp; (?o != "0"))
    filter (regex (?o , "erreur","i"))
    
} </body>
	<dataset>
		<defaultGraphs>
			<graph>http://data.lof.com/tree</graph>
			<graph>http://www.ontotext.com/count</graph>
		</defaultGraphs>
		<namedGraphs>
		</namedGraphs>
		<defaultRemoveGraphs>
		</defaultRemoveGraphs>
	</dataset>
</query>

