[DEBUG] 2016-09-20 11:34:33,119 [repositories/trees | c.o.t.q.LoggingClosableIteration] Query executed successfully
<?xml version='1.0'?>
<query includeInferred='true' maxExecutionTime='0'>
	<body>select * where { 
	?s ?p ?o .
}   
 limit 100 offset 0</body>
</query>

[DEBUG] 2016-09-20 11:34:34,183 [repositories/trees | c.o.t.q.LoggingClosableIteration] Query executed successfully
<?xml version='1.0'?>
<query includeInferred='true' maxExecutionTime='0'>
	<body>select * where { 
	?s ?p ?o .
} limit 100 
</body>
	<dataset>
		<defaultGraphs>
			<graph>http://www.ontotext.com/count</graph>
		</defaultGraphs>
		<namedGraphs>
		</namedGraphs>
		<defaultRemoveGraphs>
		</defaultRemoveGraphs>
	</dataset>
</query>

[DEBUG] 2016-09-20 11:35:00,613 [http-nio-7200-exec-2 | c.o.t.q.LoggingClosableIteration] Query executed successfully
<?xml version='1.0'?>
<query includeInferred='true' maxExecutionTime='0'>
	<body>SELECT *
		FROM NAMED &lt;http://www.ontotext.com/skip-redundant-implicit&gt;
		FROM NAMED &lt;http://www.ontotext.com/explicit&gt;
		
		FROM &lt;http://www.ontotext.com/disable-sameAs&gt;
		WHERE {
			{ 
				GRAPH ?context { ?subject ?predicate ?object }
				FILTER (?predicate != &lt;http://dbpedia.org/property/wikilink&gt; ) .
				FILTER (?subject = &lt;http://data.lof.com/id/tree/48&gt;) . 
			}
		} LIMIT 2147483647 OFFSET 0</body>
	<dataset>
		<defaultGraphs>
			<graph>http://www.ontotext.com/count</graph>
		</defaultGraphs>
		<namedGraphs>
			<graph>http://www.ontotext.com/skip-redundant-implicit</graph>
			<graph>http://www.ontotext.com/explicit</graph>
		</namedGraphs>
		<defaultRemoveGraphs>
		</defaultRemoveGraphs>
	</dataset>
</query>

[DEBUG] 2016-09-20 11:35:00,619 [http-nio-7200-exec-3 | c.o.t.q.LoggingClosableIteration] Query executed successfully
<?xml version='1.0'?>
<query includeInferred='true' maxExecutionTime='0'>
	<body>SELECT *
		FROM NAMED &lt;http://www.ontotext.com/skip-redundant-implicit&gt;
		FROM NAMED &lt;http://www.ontotext.com/explicit&gt;
		
		FROM &lt;http://www.ontotext.com/disable-sameAs&gt;
		WHERE {
			{ 
				GRAPH ?context { ?subject ?predicate ?object }
				FILTER (?predicate != &lt;http://dbpedia.org/property/wikilink&gt; ) .
				FILTER (?subject = &lt;http://data.lof.com/id/tree/48&gt;) . 
			}
		} LIMIT 1000 OFFSET 0</body>
	<dataset>
		<defaultGraphs>
			<graph>http://www.ontotext.com/disable-sameAs</graph>
		</defaultGraphs>
		<namedGraphs>
			<graph>http://www.ontotext.com/skip-redundant-implicit</graph>
			<graph>http://www.ontotext.com/explicit</graph>
		</namedGraphs>
		<defaultRemoveGraphs>
		</defaultRemoveGraphs>
	</dataset>
</query>

[DEBUG] 2016-09-20 11:35:00,620 [http-nio-7200-exec-7 | c.o.t.q.LoggingClosableIteration] Query executed successfully
<?xml version='1.0'?>
<query includeInferred='true' maxExecutionTime='0'>
	<body>SELECT * WHERE {
			OPTIONAL {
				&lt;http://data.lof.com/id/tree/48&gt; &lt;http://www.w3.org/2000/01/rdf-schema#label&gt; ?label . 
				FILTER (isLiteral(?label))
			}
			OPTIONAL {
				&lt;http://data.lof.com/id/tree/48&gt; &lt;http://www.w3.org/2000/01/rdf-schema#comment&gt; ?comment
				FILTER (isLiteral(?comment))
			}
			OPTIONAL {
				&lt;http://data.lof.com/id/tree/48&gt; &lt;http://www.ontotext.com/owlim/hasRDFRank&gt; ?rank
			}
		} LIMIT 1</body>
</query>

[DEBUG] 2016-09-20 11:37:37,652 [repositories/trees | c.o.t.q.LoggingClosableIteration] Query executed successfully
<?xml version='1.0'?>
<query includeInferred='true' maxExecutionTime='0'>
	<body>
CONSTRUCT {?uri ?p ?o }

 where { 
	?s ?p ?o .
    ?s &lt;http://data.lof.com/def/tonto#code&gt; ?code .
    BIND (IRI(	
            CONCAT("http://data.lof.com/id/tree/", ?code)) AS ?uri)
} limit 100 
</body>
</query>

[DEBUG] 2016-09-20 11:37:37,826 [repositories/trees | c.o.t.q.LoggingClosableIteration] Query executed successfully
<?xml version='1.0'?>
<query includeInferred='true' maxExecutionTime='0'>
	<body>
CONSTRUCT {?uri ?p ?o }

 where { 
	?s ?p ?o .
    ?s &lt;http://data.lof.com/def/tonto#code&gt; ?code .
    BIND (IRI(	
            CONCAT("http://data.lof.com/id/tree/", ?code)) AS ?uri)
} limit 100 
</body>
	<dataset>
		<defaultGraphs>
			<graph>http://www.ontotext.com/count</graph>
		</defaultGraphs>
		<namedGraphs>
		</namedGraphs>
		<defaultRemoveGraphs>
		</defaultRemoveGraphs>
	</dataset>
</query>

[DEBUG] 2016-09-20 11:38:43,259 [repositories/trees | c.o.t.q.LoggingClosableIteration] Query executed successfully
<?xml version='1.0'?>
<query includeInferred='true' maxExecutionTime='0'>
	<body>
CONSTRUCT {?uri ?p ?o }

 where { 
	?s ?p ?o .
    ?s &lt;http://data.lof.com/def/tonto#code&gt; ?code .
    BIND (IRI(	
            CONCAT("http://data.lof.com/id/tree/", LCASE(?code))) AS ?uri)
} limit 100 
</body>
</query>

[DEBUG] 2016-09-20 11:38:43,382 [repositories/trees | c.o.t.q.LoggingClosableIteration] Query executed successfully
<?xml version='1.0'?>
<query includeInferred='true' maxExecutionTime='0'>
	<body>
CONSTRUCT {?uri ?p ?o }

 where { 
	?s ?p ?o .
    ?s &lt;http://data.lof.com/def/tonto#code&gt; ?code .
    BIND (IRI(	
            CONCAT("http://data.lof.com/id/tree/", LCASE(?code))) AS ?uri)
} limit 100 
</body>
	<dataset>
		<defaultGraphs>
			<graph>http://www.ontotext.com/count</graph>
		</defaultGraphs>
		<namedGraphs>
		</namedGraphs>
		<defaultRemoveGraphs>
		</defaultRemoveGraphs>
	</dataset>
</query>

[DEBUG] 2016-09-20 11:38:58,930 [repositories/trees | c.o.t.q.LoggingClosableIteration] Query executed successfully
<?xml version='1.0'?>
<query includeInferred='true' maxExecutionTime='0'>
	<body>
CONSTRUCT {?uri ?p ?o }

 where { 
	?s ?p ?o .
    ?s &lt;http://data.lof.com/def/tonto#code&gt; ?code .
    BIND (IRI(	
            CONCAT("http://data.lof.com/id/tree/", LCASE(?code))) AS ?uri)
} 
</body>
</query>

[DEBUG] 2016-09-20 11:39:01,873 [repositories/trees | c.o.t.q.LoggingClosableIteration] Query executed successfully
<?xml version='1.0'?>
<query includeInferred='true' maxExecutionTime='0'>
	<body>
CONSTRUCT {?uri ?p ?o }

 where { 
	?s ?p ?o .
    ?s &lt;http://data.lof.com/def/tonto#code&gt; ?code .
    BIND (IRI(	
            CONCAT("http://data.lof.com/id/tree/", LCASE(?code))) AS ?uri)
} 
</body>
	<dataset>
		<defaultGraphs>
			<graph>http://www.ontotext.com/count</graph>
		</defaultGraphs>
		<namedGraphs>
		</namedGraphs>
		<defaultRemoveGraphs>
		</defaultRemoveGraphs>
	</dataset>
</query>

[DEBUG] 2016-09-20 11:39:11,735 [repositories/trees | c.o.t.q.LoggingClosableIteration] Query executed successfully
<?xml version='1.0'?>
<query includeInferred='true' maxExecutionTime='0'>
	<body>&#xD;
CONSTRUCT {?uri ?p ?o }&#xD;
&#xD;
 where { &#xD;
	?s ?p ?o .&#xD;
    ?s &lt;http://data.lof.com/def/tonto#code&gt; ?code .&#xD;
    BIND (IRI(	&#xD;
            CONCAT("http://data.lof.com/id/tree/", LCASE(?code))) AS ?uri)&#xD;
} &#xD;
</body>
</query>

[DEBUG] 2016-09-20 15:42:26,585 [http-nio-7200-exec-10 | c.o.t.q.LoggingClosableIteration] Query executed successfully
<?xml version='1.0'?>
<query includeInferred='true' maxExecutionTime='0'>
	<body>SELECT *
		FROM NAMED &lt;http://www.ontotext.com/skip-redundant-implicit&gt;
		FROM NAMED &lt;http://www.ontotext.com/explicit&gt;
		
		FROM &lt;http://www.ontotext.com/disable-sameAs&gt;
		WHERE {
			{ 
				GRAPH ?context { ?subject ?predicate ?object }
				FILTER (?predicate != &lt;http://dbpedia.org/property/wikilink&gt; ) .
				FILTER (?subject = &lt;http://data.lof.com/id/tree/48&gt;) . 
			}
		} LIMIT 2147483647 OFFSET 0</body>
	<dataset>
		<defaultGraphs>
			<graph>http://www.ontotext.com/count</graph>
		</defaultGraphs>
		<namedGraphs>
			<graph>http://www.ontotext.com/skip-redundant-implicit</graph>
			<graph>http://www.ontotext.com/explicit</graph>
		</namedGraphs>
		<defaultRemoveGraphs>
		</defaultRemoveGraphs>
	</dataset>
</query>

[DEBUG] 2016-09-20 15:42:26,650 [http-nio-7200-exec-2 | c.o.t.q.LoggingClosableIteration] Query executed successfully
<?xml version='1.0'?>
<query includeInferred='true' maxExecutionTime='0'>
	<body>SELECT * WHERE {
			OPTIONAL {
				&lt;http://data.lof.com/id/tree/48&gt; &lt;http://www.w3.org/2000/01/rdf-schema#label&gt; ?label . 
				FILTER (isLiteral(?label))
			}
			OPTIONAL {
				&lt;http://data.lof.com/id/tree/48&gt; &lt;http://www.w3.org/2000/01/rdf-schema#comment&gt; ?comment
				FILTER (isLiteral(?comment))
			}
			OPTIONAL {
				&lt;http://data.lof.com/id/tree/48&gt; &lt;http://www.ontotext.com/owlim/hasRDFRank&gt; ?rank
			}
		} LIMIT 1</body>
</query>

[DEBUG] 2016-09-20 15:42:26,652 [http-nio-7200-exec-6 | c.o.t.q.LoggingClosableIteration] Query executed successfully
<?xml version='1.0'?>
<query includeInferred='true' maxExecutionTime='0'>
	<body>SELECT *
		FROM NAMED &lt;http://www.ontotext.com/skip-redundant-implicit&gt;
		FROM NAMED &lt;http://www.ontotext.com/explicit&gt;
		
		FROM &lt;http://www.ontotext.com/disable-sameAs&gt;
		WHERE {
			{ 
				GRAPH ?context { ?subject ?predicate ?object }
				FILTER (?predicate != &lt;http://dbpedia.org/property/wikilink&gt; ) .
				FILTER (?subject = &lt;http://data.lof.com/id/tree/48&gt;) . 
			}
		} LIMIT 1000 OFFSET 0</body>
	<dataset>
		<defaultGraphs>
			<graph>http://www.ontotext.com/disable-sameAs</graph>
		</defaultGraphs>
		<namedGraphs>
			<graph>http://www.ontotext.com/skip-redundant-implicit</graph>
			<graph>http://www.ontotext.com/explicit</graph>
		</namedGraphs>
		<defaultRemoveGraphs>
		</defaultRemoveGraphs>
	</dataset>
</query>

[DEBUG] 2016-09-20 15:46:20,512 [repositories/trees | c.o.t.q.LoggingClosableIteration] Query executed successfully
<?xml version='1.0'?>
<query includeInferred='true' maxExecutionTime='0'>
	<body>SELECT ?s ?p ?o
WHERE {
	?s ?p ?o .
} LIMIT 100</body>
</query>

[DEBUG] 2016-09-20 15:46:20,631 [repositories/trees | c.o.t.q.LoggingClosableIteration] Query executed successfully
<?xml version='1.0'?>
<query includeInferred='true' maxExecutionTime='0'>
	<body>SELECT ?s ?p ?o
WHERE {
	?s ?p ?o .
} LIMIT 100</body>
	<dataset>
		<defaultGraphs>
			<graph>http://www.ontotext.com/count</graph>
		</defaultGraphs>
		<namedGraphs>
		</namedGraphs>
		<defaultRemoveGraphs>
		</defaultRemoveGraphs>
	</dataset>
</query>

[DEBUG] 2016-09-20 15:46:52,925 [repositories/trees | c.o.t.q.LoggingClosableIteration] Query executed successfully
<?xml version='1.0'?>
<query includeInferred='true' maxExecutionTime='0'>
	<body>SELECT ?s ?p ?o
FROM &lt;http://data.lof.com/tree&gt; WHERE {
	?s ?p ?o .
} LIMIT 100</body>
	<dataset>
		<defaultGraphs>
			<graph>http://data.lof.com/tree</graph>
		</defaultGraphs>
		<namedGraphs>
		</namedGraphs>
		<defaultRemoveGraphs>
		</defaultRemoveGraphs>
	</dataset>
</query>

[DEBUG] 2016-09-20 15:46:53,033 [repositories/trees | c.o.t.q.LoggingClosableIteration] Query executed successfully
<?xml version='1.0'?>
<query includeInferred='true' maxExecutionTime='0'>
	<body>SELECT ?s ?p ?o
FROM &lt;http://data.lof.com/tree&gt; WHERE {
	?s ?p ?o .
} LIMIT 100</body>
	<dataset>
		<defaultGraphs>
			<graph>http://data.lof.com/tree</graph>
			<graph>http://www.ontotext.com/count</graph>
		</defaultGraphs>
		<namedGraphs>
		</namedGraphs>
		<defaultRemoveGraphs>
		</defaultRemoveGraphs>
	</dataset>
</query>

[DEBUG] 2016-09-20 15:47:12,911 [http-nio-7200-exec-3 | c.o.t.q.LoggingClosableIteration] Query executed successfully
<?xml version='1.0'?>
<query includeInferred='true' maxExecutionTime='0'>
	<body>SELECT *
		FROM NAMED &lt;http://www.ontotext.com/skip-redundant-implicit&gt;
		FROM NAMED &lt;http://www.ontotext.com/explicit&gt;
		
		FROM &lt;http://www.ontotext.com/disable-sameAs&gt;
		WHERE {
			{ 
				GRAPH ?context { ?subject ?predicate ?object }
				FILTER (?predicate != &lt;http://dbpedia.org/property/wikilink&gt; ) .
				FILTER (?subject = &lt;http://data.lof.com/id/tree/esp13174&gt;) . 
			}
		} LIMIT 1000 OFFSET 0</body>
	<dataset>
		<defaultGraphs>
			<graph>http://www.ontotext.com/disable-sameAs</graph>
		</defaultGraphs>
		<namedGraphs>
			<graph>http://www.ontotext.com/skip-redundant-implicit</graph>
			<graph>http://www.ontotext.com/explicit</graph>
		</namedGraphs>
		<defaultRemoveGraphs>
		</defaultRemoveGraphs>
	</dataset>
</query>

[DEBUG] 2016-09-20 15:47:12,922 [http-nio-7200-exec-7 | c.o.t.q.LoggingClosableIteration] Query executed successfully
<?xml version='1.0'?>
<query includeInferred='true' maxExecutionTime='0'>
	<body>SELECT *
		FROM NAMED &lt;http://www.ontotext.com/skip-redundant-implicit&gt;
		FROM NAMED &lt;http://www.ontotext.com/explicit&gt;
		
		FROM &lt;http://www.ontotext.com/disable-sameAs&gt;
		WHERE {
			{ 
				GRAPH ?context { ?subject ?predicate ?object }
				FILTER (?predicate != &lt;http://dbpedia.org/property/wikilink&gt; ) .
				FILTER (?subject = &lt;http://data.lof.com/id/tree/esp13174&gt;) . 
			}
		} LIMIT 2147483647 OFFSET 0</body>
	<dataset>
		<defaultGraphs>
			<graph>http://www.ontotext.com/count</graph>
		</defaultGraphs>
		<namedGraphs>
			<graph>http://www.ontotext.com/skip-redundant-implicit</graph>
			<graph>http://www.ontotext.com/explicit</graph>
		</namedGraphs>
		<defaultRemoveGraphs>
		</defaultRemoveGraphs>
	</dataset>
</query>

[DEBUG] 2016-09-20 15:47:12,928 [http-nio-7200-exec-4 | c.o.t.q.LoggingClosableIteration] Query executed successfully
<?xml version='1.0'?>
<query includeInferred='true' maxExecutionTime='0'>
	<body>SELECT * WHERE {
			OPTIONAL {
				&lt;http://data.lof.com/id/tree/esp13174&gt; &lt;http://www.w3.org/2000/01/rdf-schema#label&gt; ?label . 
				FILTER (isLiteral(?label))
			}
			OPTIONAL {
				&lt;http://data.lof.com/id/tree/esp13174&gt; &lt;http://www.w3.org/2000/01/rdf-schema#comment&gt; ?comment
				FILTER (isLiteral(?comment))
			}
			OPTIONAL {
				&lt;http://data.lof.com/id/tree/esp13174&gt; &lt;http://www.ontotext.com/owlim/hasRDFRank&gt; ?rank
			}
		} LIMIT 1</body>
</query>

[DEBUG] 2016-09-20 15:47:44,158 [repositories/trees | c.o.t.q.LoggingClosableIteration] Query executed successfully
<?xml version='1.0'?>
<query includeInferred='true' maxExecutionTime='0'>
	<body>SELECT ?s ?p ?o
FROM &lt;http://data.lof.com/tree&gt; WHERE {
	?s ?p ?o .
} LIMIT 100</body>
	<dataset>
		<defaultGraphs>
			<graph>http://data.lof.com/tree</graph>
		</defaultGraphs>
		<namedGraphs>
		</namedGraphs>
		<defaultRemoveGraphs>
		</defaultRemoveGraphs>
	</dataset>
</query>

[DEBUG] 2016-09-20 15:47:44,281 [repositories/trees | c.o.t.q.LoggingClosableIteration] Query executed successfully
<?xml version='1.0'?>
<query includeInferred='true' maxExecutionTime='0'>
	<body>SELECT ?s ?p ?o
FROM &lt;http://data.lof.com/tree&gt; WHERE {
	?s ?p ?o .
} LIMIT 100</body>
	<dataset>
		<defaultGraphs>
			<graph>http://data.lof.com/tree</graph>
			<graph>http://www.ontotext.com/count</graph>
		</defaultGraphs>
		<namedGraphs>
		</namedGraphs>
		<defaultRemoveGraphs>
		</defaultRemoveGraphs>
	</dataset>
</query>

[DEBUG] 2016-09-20 15:47:47,806 [http-nio-7200-exec-7 | c.o.t.q.LoggingClosableIteration] Query executed successfully
<?xml version='1.0'?>
<query includeInferred='true' maxExecutionTime='0'>
	<body>SELECT * WHERE {
			OPTIONAL {
				&lt;http://data.lof.com/id/tree/esp22341&gt; &lt;http://www.w3.org/2000/01/rdf-schema#label&gt; ?label . 
				FILTER (isLiteral(?label))
			}
			OPTIONAL {
				&lt;http://data.lof.com/id/tree/esp22341&gt; &lt;http://www.w3.org/2000/01/rdf-schema#comment&gt; ?comment
				FILTER (isLiteral(?comment))
			}
			OPTIONAL {
				&lt;http://data.lof.com/id/tree/esp22341&gt; &lt;http://www.ontotext.com/owlim/hasRDFRank&gt; ?rank
			}
		} LIMIT 1</body>
</query>

[DEBUG] 2016-09-20 15:47:47,807 [http-nio-7200-exec-3 | c.o.t.q.LoggingClosableIteration] Query executed successfully
<?xml version='1.0'?>
<query includeInferred='true' maxExecutionTime='0'>
	<body>SELECT *
		FROM NAMED &lt;http://www.ontotext.com/skip-redundant-implicit&gt;
		FROM NAMED &lt;http://www.ontotext.com/explicit&gt;
		
		FROM &lt;http://www.ontotext.com/disable-sameAs&gt;
		WHERE {
			{ 
				GRAPH ?context { ?subject ?predicate ?object }
				FILTER (?predicate != &lt;http://dbpedia.org/property/wikilink&gt; ) .
				FILTER (?subject = &lt;http://data.lof.com/id/tree/esp22341&gt;) . 
			}
		} LIMIT 2147483647 OFFSET 0</body>
	<dataset>
		<defaultGraphs>
			<graph>http://www.ontotext.com/count</graph>
		</defaultGraphs>
		<namedGraphs>
			<graph>http://www.ontotext.com/skip-redundant-implicit</graph>
			<graph>http://www.ontotext.com/explicit</graph>
		</namedGraphs>
		<defaultRemoveGraphs>
		</defaultRemoveGraphs>
	</dataset>
</query>

[DEBUG] 2016-09-20 15:47:47,812 [http-nio-7200-exec-6 | c.o.t.q.LoggingClosableIteration] Query executed successfully
<?xml version='1.0'?>
<query includeInferred='true' maxExecutionTime='0'>
	<body>SELECT *
		FROM NAMED &lt;http://www.ontotext.com/skip-redundant-implicit&gt;
		FROM NAMED &lt;http://www.ontotext.com/explicit&gt;
		
		FROM &lt;http://www.ontotext.com/disable-sameAs&gt;
		WHERE {
			{ 
				GRAPH ?context { ?subject ?predicate ?object }
				FILTER (?predicate != &lt;http://dbpedia.org/property/wikilink&gt; ) .
				FILTER (?subject = &lt;http://data.lof.com/id/tree/esp22341&gt;) . 
			}
		} LIMIT 1000 OFFSET 0</body>
	<dataset>
		<defaultGraphs>
			<graph>http://www.ontotext.com/disable-sameAs</graph>
		</defaultGraphs>
		<namedGraphs>
			<graph>http://www.ontotext.com/skip-redundant-implicit</graph>
			<graph>http://www.ontotext.com/explicit</graph>
		</namedGraphs>
		<defaultRemoveGraphs>
		</defaultRemoveGraphs>
	</dataset>
</query>

[DEBUG] 2016-09-20 15:48:11,714 [repositories/trees | c.o.t.q.LoggingClosableIteration] Query executed successfully
<?xml version='1.0'?>
<query includeInferred='true' maxExecutionTime='0'>
	<body>PREFIX rdfs: &lt;http://www.w3.org/2000/01/rdf-schema#&gt;
SELECT ?s ?p ?o
FROM &lt;http://data.lof.com/tree&gt; WHERE {
	?s rdfs:comment ?o .
} LIMIT 100</body>
	<dataset>
		<defaultGraphs>
			<graph>http://data.lof.com/tree</graph>
		</defaultGraphs>
		<namedGraphs>
		</namedGraphs>
		<defaultRemoveGraphs>
		</defaultRemoveGraphs>
	</dataset>
</query>

[DEBUG] 2016-09-20 15:48:11,829 [repositories/trees | c.o.t.q.LoggingClosableIteration] Query executed successfully
<?xml version='1.0'?>
<query includeInferred='true' maxExecutionTime='0'>
	<body>PREFIX rdfs: &lt;http://www.w3.org/2000/01/rdf-schema#&gt;
SELECT ?s ?p ?o
FROM &lt;http://data.lof.com/tree&gt; WHERE {
	?s rdfs:comment ?o .
} LIMIT 100</body>
	<dataset>
		<defaultGraphs>
			<graph>http://data.lof.com/tree</graph>
			<graph>http://www.ontotext.com/count</graph>
		</defaultGraphs>
		<namedGraphs>
		</namedGraphs>
		<defaultRemoveGraphs>
		</defaultRemoveGraphs>
	</dataset>
</query>

[DEBUG] 2016-09-20 15:48:23,019 [repositories/trees | c.o.t.q.LoggingClosableIteration] Query executed successfully
<?xml version='1.0'?>
<query includeInferred='true' maxExecutionTime='0'>
	<body>PREFIX rdfs: &lt;http://www.w3.org/2000/01/rdf-schema#&gt;
SELECT ?s  ?o
FROM &lt;http://data.lof.com/tree&gt; WHERE {
	?s rdfs:comment ?o .
} LIMIT 100</body>
	<dataset>
		<defaultGraphs>
			<graph>http://data.lof.com/tree</graph>
		</defaultGraphs>
		<namedGraphs>
		</namedGraphs>
		<defaultRemoveGraphs>
		</defaultRemoveGraphs>
	</dataset>
</query>

[DEBUG] 2016-09-20 15:48:23,108 [repositories/trees | c.o.t.q.LoggingClosableIteration] Query executed successfully
<?xml version='1.0'?>
<query includeInferred='true' maxExecutionTime='0'>
	<body>PREFIX rdfs: &lt;http://www.w3.org/2000/01/rdf-schema#&gt;
SELECT ?s  ?o
FROM &lt;http://data.lof.com/tree&gt; WHERE {
	?s rdfs:comment ?o .
} LIMIT 100</body>
	<dataset>
		<defaultGraphs>
			<graph>http://data.lof.com/tree</graph>
			<graph>http://www.ontotext.com/count</graph>
		</defaultGraphs>
		<namedGraphs>
		</namedGraphs>
		<defaultRemoveGraphs>
		</defaultRemoveGraphs>
	</dataset>
</query>

[DEBUG] 2016-09-20 15:48:31,253 [repositories/trees | c.o.t.q.LoggingClosableIteration] Query executed successfully
<?xml version='1.0'?>
<query includeInferred='true' maxExecutionTime='0'>
	<body>PREFIX rdfs: &lt;http://www.w3.org/2000/01/rdf-schema#&gt;
SELECT ?s  ?o
FROM &lt;http://data.lof.com/tree&gt; WHERE {
	?s rdfs:comment ?o .
} LIMIT 1000</body>
	<dataset>
		<defaultGraphs>
			<graph>http://data.lof.com/tree</graph>
		</defaultGraphs>
		<namedGraphs>
		</namedGraphs>
		<defaultRemoveGraphs>
		</defaultRemoveGraphs>
	</dataset>
</query>

[DEBUG] 2016-09-20 15:48:31,845 [repositories/trees | c.o.t.q.LoggingClosableIteration] Query executed successfully
<?xml version='1.0'?>
<query includeInferred='true' maxExecutionTime='0'>
	<body>PREFIX rdfs: &lt;http://www.w3.org/2000/01/rdf-schema#&gt;
SELECT ?s  ?o
FROM &lt;http://data.lof.com/tree&gt; WHERE {
	?s rdfs:comment ?o .
} LIMIT 1000</body>
	<dataset>
		<defaultGraphs>
			<graph>http://data.lof.com/tree</graph>
			<graph>http://www.ontotext.com/count</graph>
		</defaultGraphs>
		<namedGraphs>
		</namedGraphs>
		<defaultRemoveGraphs>
		</defaultRemoveGraphs>
	</dataset>
</query>

[DEBUG] 2016-09-20 15:48:37,791 [http-nio-7200-exec-2 | c.o.t.q.LoggingClosableIteration] Query executed successfully
<?xml version='1.0'?>
<query includeInferred='true' maxExecutionTime='0'>
	<body>SELECT * WHERE {
			OPTIONAL {
				&lt;http://data.lof.com/id/tree/esp18572&gt; &lt;http://www.w3.org/2000/01/rdf-schema#label&gt; ?label . 
				FILTER (isLiteral(?label))
			}
			OPTIONAL {
				&lt;http://data.lof.com/id/tree/esp18572&gt; &lt;http://www.w3.org/2000/01/rdf-schema#comment&gt; ?comment
				FILTER (isLiteral(?comment))
			}
			OPTIONAL {
				&lt;http://data.lof.com/id/tree/esp18572&gt; &lt;http://www.ontotext.com/owlim/hasRDFRank&gt; ?rank
			}
		} LIMIT 1</body>
</query>

[DEBUG] 2016-09-20 15:48:37,793 [http-nio-7200-exec-3 | c.o.t.q.LoggingClosableIteration] Query executed successfully
<?xml version='1.0'?>
<query includeInferred='true' maxExecutionTime='0'>
	<body>SELECT *
		FROM NAMED &lt;http://www.ontotext.com/skip-redundant-implicit&gt;
		FROM NAMED &lt;http://www.ontotext.com/explicit&gt;
		
		FROM &lt;http://www.ontotext.com/disable-sameAs&gt;
		WHERE {
			{ 
				GRAPH ?context { ?subject ?predicate ?object }
				FILTER (?predicate != &lt;http://dbpedia.org/property/wikilink&gt; ) .
				FILTER (?subject = &lt;http://data.lof.com/id/tree/esp18572&gt;) . 
			}
		} LIMIT 2147483647 OFFSET 0</body>
	<dataset>
		<defaultGraphs>
			<graph>http://www.ontotext.com/count</graph>
		</defaultGraphs>
		<namedGraphs>
			<graph>http://www.ontotext.com/skip-redundant-implicit</graph>
			<graph>http://www.ontotext.com/explicit</graph>
		</namedGraphs>
		<defaultRemoveGraphs>
		</defaultRemoveGraphs>
	</dataset>
</query>

[DEBUG] 2016-09-20 15:48:37,796 [http-nio-7200-exec-10 | c.o.t.q.LoggingClosableIteration] Query executed successfully
<?xml version='1.0'?>
<query includeInferred='true' maxExecutionTime='0'>
	<body>SELECT *
		FROM NAMED &lt;http://www.ontotext.com/skip-redundant-implicit&gt;
		FROM NAMED &lt;http://www.ontotext.com/explicit&gt;
		
		FROM &lt;http://www.ontotext.com/disable-sameAs&gt;
		WHERE {
			{ 
				GRAPH ?context { ?subject ?predicate ?object }
				FILTER (?predicate != &lt;http://dbpedia.org/property/wikilink&gt; ) .
				FILTER (?subject = &lt;http://data.lof.com/id/tree/esp18572&gt;) . 
			}
		} LIMIT 1000 OFFSET 0</body>
	<dataset>
		<defaultGraphs>
			<graph>http://www.ontotext.com/disable-sameAs</graph>
		</defaultGraphs>
		<namedGraphs>
			<graph>http://www.ontotext.com/skip-redundant-implicit</graph>
			<graph>http://www.ontotext.com/explicit</graph>
		</namedGraphs>
		<defaultRemoveGraphs>
		</defaultRemoveGraphs>
	</dataset>
</query>

[DEBUG] 2016-09-20 15:48:53,273 [http-nio-7200-exec-5 | c.o.t.q.LoggingClosableIteration] Query executed successfully
<?xml version='1.0'?>
<query includeInferred='true' maxExecutionTime='0'>
	<body>SELECT * WHERE {
			OPTIONAL {
				&lt;http://data.lof.com/id/tree/cat/ESP1299&gt; &lt;http://www.w3.org/2000/01/rdf-schema#label&gt; ?label . 
				FILTER (isLiteral(?label))
			}
			OPTIONAL {
				&lt;http://data.lof.com/id/tree/cat/ESP1299&gt; &lt;http://www.w3.org/2000/01/rdf-schema#comment&gt; ?comment
				FILTER (isLiteral(?comment))
			}
			OPTIONAL {
				&lt;http://data.lof.com/id/tree/cat/ESP1299&gt; &lt;http://www.ontotext.com/owlim/hasRDFRank&gt; ?rank
			}
		} LIMIT 1</body>
</query>

[DEBUG] 2016-09-20 15:48:53,296 [http-nio-7200-exec-1 | c.o.t.q.LoggingClosableIteration] Query executed successfully
<?xml version='1.0'?>
<query includeInferred='true' maxExecutionTime='0'>
	<body>SELECT *
		FROM NAMED &lt;http://www.ontotext.com/skip-redundant-implicit&gt;
		FROM NAMED &lt;http://www.ontotext.com/explicit&gt;
		
		FROM &lt;http://www.ontotext.com/disable-sameAs&gt;
		WHERE {
			{ 
				GRAPH ?context { ?subject ?predicate ?object }
				FILTER (?predicate != &lt;http://dbpedia.org/property/wikilink&gt; ) .
				FILTER (?subject = &lt;http://data.lof.com/id/tree/cat/ESP1299&gt;) . 
			}
		} LIMIT 2147483647 OFFSET 0</body>
	<dataset>
		<defaultGraphs>
			<graph>http://www.ontotext.com/count</graph>
		</defaultGraphs>
		<namedGraphs>
			<graph>http://www.ontotext.com/skip-redundant-implicit</graph>
			<graph>http://www.ontotext.com/explicit</graph>
		</namedGraphs>
		<defaultRemoveGraphs>
		</defaultRemoveGraphs>
	</dataset>
</query>

[DEBUG] 2016-09-20 15:48:53,296 [http-nio-7200-exec-6 | c.o.t.q.LoggingClosableIteration] Query executed successfully
<?xml version='1.0'?>
<query includeInferred='true' maxExecutionTime='0'>
	<body>SELECT *
		FROM NAMED &lt;http://www.ontotext.com/skip-redundant-implicit&gt;
		FROM NAMED &lt;http://www.ontotext.com/explicit&gt;
		
		FROM &lt;http://www.ontotext.com/disable-sameAs&gt;
		WHERE {
			{ 
				GRAPH ?context { ?subject ?predicate ?object }
				FILTER (?predicate != &lt;http://dbpedia.org/property/wikilink&gt; ) .
				FILTER (?subject = &lt;http://data.lof.com/id/tree/cat/ESP1299&gt;) . 
			}
		} LIMIT 1000 OFFSET 0</body>
	<dataset>
		<defaultGraphs>
			<graph>http://www.ontotext.com/disable-sameAs</graph>
		</defaultGraphs>
		<namedGraphs>
			<graph>http://www.ontotext.com/skip-redundant-implicit</graph>
			<graph>http://www.ontotext.com/explicit</graph>
		</namedGraphs>
		<defaultRemoveGraphs>
		</defaultRemoveGraphs>
	</dataset>
</query>

[DEBUG] 2016-09-20 15:49:02,053 [http-nio-7200-exec-2 | c.o.t.q.LoggingClosableIteration] Query executed successfully
<?xml version='1.0'?>
<query includeInferred='true' maxExecutionTime='0'>
	<body>SELECT * WHERE {
			OPTIONAL {
				&lt;http://data.lof.com/id/tree/esp18572&gt; &lt;http://www.w3.org/2000/01/rdf-schema#label&gt; ?label . 
				FILTER (isLiteral(?label))
			}
			OPTIONAL {
				&lt;http://data.lof.com/id/tree/esp18572&gt; &lt;http://www.w3.org/2000/01/rdf-schema#comment&gt; ?comment
				FILTER (isLiteral(?comment))
			}
			OPTIONAL {
				&lt;http://data.lof.com/id/tree/esp18572&gt; &lt;http://www.ontotext.com/owlim/hasRDFRank&gt; ?rank
			}
		} LIMIT 1</body>
</query>

[DEBUG] 2016-09-20 15:49:02,053 [http-nio-7200-exec-9 | c.o.t.q.LoggingClosableIteration] Query executed successfully
<?xml version='1.0'?>
<query includeInferred='true' maxExecutionTime='0'>
	<body>SELECT *
		FROM NAMED &lt;http://www.ontotext.com/skip-redundant-implicit&gt;
		FROM NAMED &lt;http://www.ontotext.com/explicit&gt;
		
		FROM &lt;http://www.ontotext.com/disable-sameAs&gt;
		WHERE {
			{ 
				GRAPH ?context { ?subject ?predicate ?object }
				FILTER (?predicate != &lt;http://dbpedia.org/property/wikilink&gt; ) .
				FILTER (?subject = &lt;http://data.lof.com/id/tree/esp18572&gt;) . 
			}
		} LIMIT 2147483647 OFFSET 0</body>
	<dataset>
		<defaultGraphs>
			<graph>http://www.ontotext.com/count</graph>
		</defaultGraphs>
		<namedGraphs>
			<graph>http://www.ontotext.com/skip-redundant-implicit</graph>
			<graph>http://www.ontotext.com/explicit</graph>
		</namedGraphs>
		<defaultRemoveGraphs>
		</defaultRemoveGraphs>
	</dataset>
</query>

[DEBUG] 2016-09-20 15:49:02,055 [http-nio-7200-exec-8 | c.o.t.q.LoggingClosableIteration] Query executed successfully
<?xml version='1.0'?>
<query includeInferred='true' maxExecutionTime='0'>
	<body>SELECT *
		FROM NAMED &lt;http://www.ontotext.com/skip-redundant-implicit&gt;
		FROM NAMED &lt;http://www.ontotext.com/explicit&gt;
		
		FROM &lt;http://www.ontotext.com/disable-sameAs&gt;
		WHERE {
			{ 
				GRAPH ?context { ?subject ?predicate ?object }
				FILTER (?predicate != &lt;http://dbpedia.org/property/wikilink&gt; ) .
				FILTER (?subject = &lt;http://data.lof.com/id/tree/esp18572&gt;) . 
			}
		} LIMIT 1000 OFFSET 0</body>
	<dataset>
		<defaultGraphs>
			<graph>http://www.ontotext.com/disable-sameAs</graph>
		</defaultGraphs>
		<namedGraphs>
			<graph>http://www.ontotext.com/skip-redundant-implicit</graph>
			<graph>http://www.ontotext.com/explicit</graph>
		</namedGraphs>
		<defaultRemoveGraphs>
		</defaultRemoveGraphs>
	</dataset>
</query>

[DEBUG] 2016-09-20 15:49:21,833 [http-nio-7200-exec-1 | c.o.t.q.LoggingClosableIteration] Query executed successfully
<?xml version='1.0'?>
<query includeInferred='true' maxExecutionTime='0'>
	<body>SELECT *
		FROM NAMED &lt;http://www.ontotext.com/skip-redundant-implicit&gt;
		FROM NAMED &lt;http://www.ontotext.com/explicit&gt;
		
		FROM &lt;http://www.ontotext.com/disable-sameAs&gt;
		WHERE {
			{ 
				GRAPH ?context { ?subject ?predicate ?object }
				FILTER (?predicate != &lt;http://dbpedia.org/property/wikilink&gt; ) .
				FILTER (?subject = &lt;http://data.lof.com/def/tonto#anneeDePlantation&gt;) . 
			}
		} LIMIT 1000 OFFSET 0</body>
	<dataset>
		<defaultGraphs>
			<graph>http://www.ontotext.com/disable-sameAs</graph>
		</defaultGraphs>
		<namedGraphs>
			<graph>http://www.ontotext.com/skip-redundant-implicit</graph>
			<graph>http://www.ontotext.com/explicit</graph>
		</namedGraphs>
		<defaultRemoveGraphs>
		</defaultRemoveGraphs>
	</dataset>
</query>

[DEBUG] 2016-09-20 15:49:21,836 [http-nio-7200-exec-4 | c.o.t.q.LoggingClosableIteration] Query executed successfully
<?xml version='1.0'?>
<query includeInferred='true' maxExecutionTime='0'>
	<body>SELECT * WHERE {
			OPTIONAL {
				&lt;http://data.lof.com/def/tonto#anneeDePlantation&gt; &lt;http://www.w3.org/2000/01/rdf-schema#label&gt; ?label . 
				FILTER (isLiteral(?label))
			}
			OPTIONAL {
				&lt;http://data.lof.com/def/tonto#anneeDePlantation&gt; &lt;http://www.w3.org/2000/01/rdf-schema#comment&gt; ?comment
				FILTER (isLiteral(?comment))
			}
			OPTIONAL {
				&lt;http://data.lof.com/def/tonto#anneeDePlantation&gt; &lt;http://www.ontotext.com/owlim/hasRDFRank&gt; ?rank
			}
		} LIMIT 1</body>
</query>

[DEBUG] 2016-09-20 15:49:21,837 [http-nio-7200-exec-6 | c.o.t.q.LoggingClosableIteration] Query executed successfully
<?xml version='1.0'?>
<query includeInferred='true' maxExecutionTime='0'>
	<body>SELECT *
		FROM NAMED &lt;http://www.ontotext.com/skip-redundant-implicit&gt;
		FROM NAMED &lt;http://www.ontotext.com/explicit&gt;
		
		FROM &lt;http://www.ontotext.com/disable-sameAs&gt;
		WHERE {
			{ 
				GRAPH ?context { ?subject ?predicate ?object }
				FILTER (?predicate != &lt;http://dbpedia.org/property/wikilink&gt; ) .
				FILTER (?subject = &lt;http://data.lof.com/def/tonto#anneeDePlantation&gt;) . 
			}
		} LIMIT 2147483647 OFFSET 0</body>
	<dataset>
		<defaultGraphs>
			<graph>http://www.ontotext.com/count</graph>
		</defaultGraphs>
		<namedGraphs>
			<graph>http://www.ontotext.com/skip-redundant-implicit</graph>
			<graph>http://www.ontotext.com/explicit</graph>
		</namedGraphs>
		<defaultRemoveGraphs>
		</defaultRemoveGraphs>
	</dataset>
</query>

[DEBUG] 2016-09-20 15:49:23,951 [http-nio-7200-exec-8 | c.o.t.q.LoggingClosableIteration] Query executed successfully
<?xml version='1.0'?>
<query includeInferred='true' maxExecutionTime='0'>
	<body>SELECT *
		FROM NAMED &lt;http://www.ontotext.com/skip-redundant-implicit&gt;
		FROM NAMED &lt;http://www.ontotext.com/explicit&gt;
		
		FROM &lt;http://www.ontotext.com/disable-sameAs&gt;
		WHERE {
			{ 
				GRAPH ?context { ?subject ?predicate ?object }
				FILTER (?predicate != &lt;http://dbpedia.org/property/wikilink&gt; ) .
				FILTER (?subject = &lt;http://data.lof.com/id/tree/esp18572&gt;) . 
			}
		} LIMIT 2147483647 OFFSET 0</body>
	<dataset>
		<defaultGraphs>
			<graph>http://www.ontotext.com/count</graph>
		</defaultGraphs>
		<namedGraphs>
			<graph>http://www.ontotext.com/skip-redundant-implicit</graph>
			<graph>http://www.ontotext.com/explicit</graph>
		</namedGraphs>
		<defaultRemoveGraphs>
		</defaultRemoveGraphs>
	</dataset>
</query>

[DEBUG] 2016-09-20 15:49:23,954 [http-nio-7200-exec-10 | c.o.t.q.LoggingClosableIteration] Query executed successfully
<?xml version='1.0'?>
<query includeInferred='true' maxExecutionTime='0'>
	<body>SELECT * WHERE {
			OPTIONAL {
				&lt;http://data.lof.com/id/tree/esp18572&gt; &lt;http://www.w3.org/2000/01/rdf-schema#label&gt; ?label . 
				FILTER (isLiteral(?label))
			}
			OPTIONAL {
				&lt;http://data.lof.com/id/tree/esp18572&gt; &lt;http://www.w3.org/2000/01/rdf-schema#comment&gt; ?comment
				FILTER (isLiteral(?comment))
			}
			OPTIONAL {
				&lt;http://data.lof.com/id/tree/esp18572&gt; &lt;http://www.ontotext.com/owlim/hasRDFRank&gt; ?rank
			}
		} LIMIT 1</body>
</query>

[DEBUG] 2016-09-20 15:49:23,954 [http-nio-7200-exec-9 | c.o.t.q.LoggingClosableIteration] Query executed successfully
<?xml version='1.0'?>
<query includeInferred='true' maxExecutionTime='0'>
	<body>SELECT *
		FROM NAMED &lt;http://www.ontotext.com/skip-redundant-implicit&gt;
		FROM NAMED &lt;http://www.ontotext.com/explicit&gt;
		
		FROM &lt;http://www.ontotext.com/disable-sameAs&gt;
		WHERE {
			{ 
				GRAPH ?context { ?subject ?predicate ?object }
				FILTER (?predicate != &lt;http://dbpedia.org/property/wikilink&gt; ) .
				FILTER (?subject = &lt;http://data.lof.com/id/tree/esp18572&gt;) . 
			}
		} LIMIT 1000 OFFSET 0</body>
	<dataset>
		<defaultGraphs>
			<graph>http://www.ontotext.com/disable-sameAs</graph>
		</defaultGraphs>
		<namedGraphs>
			<graph>http://www.ontotext.com/skip-redundant-implicit</graph>
			<graph>http://www.ontotext.com/explicit</graph>
		</namedGraphs>
		<defaultRemoveGraphs>
		</defaultRemoveGraphs>
	</dataset>
</query>

[DEBUG] 2016-09-20 15:49:38,211 [repositories/trees | c.o.t.q.LoggingClosableIteration] Query executed successfully
<?xml version='1.0'?>
<query includeInferred='true' maxExecutionTime='0'>
	<body>PREFIX rdfs: &lt;http://www.w3.org/2000/01/rdf-schema#&gt;
SELECT ?s  ?o
FROM &lt;http://data.lof.com/tree&gt; WHERE {
	?s &lt;http://data.lof.com/def/tonto#anneeDePlantation&gt; ?o .
} LIMIT 1000</body>
	<dataset>
		<defaultGraphs>
			<graph>http://data.lof.com/tree</graph>
		</defaultGraphs>
		<namedGraphs>
		</namedGraphs>
		<defaultRemoveGraphs>
		</defaultRemoveGraphs>
	</dataset>
</query>

[DEBUG] 2016-09-20 15:49:38,798 [repositories/trees | c.o.t.q.LoggingClosableIteration] Query executed successfully
<?xml version='1.0'?>
<query includeInferred='true' maxExecutionTime='0'>
	<body>PREFIX rdfs: &lt;http://www.w3.org/2000/01/rdf-schema#&gt;
SELECT ?s  ?o
FROM &lt;http://data.lof.com/tree&gt; WHERE {
	?s &lt;http://data.lof.com/def/tonto#anneeDePlantation&gt; ?o .
} LIMIT 1000</body>
	<dataset>
		<defaultGraphs>
			<graph>http://data.lof.com/tree</graph>
			<graph>http://www.ontotext.com/count</graph>
		</defaultGraphs>
		<namedGraphs>
		</namedGraphs>
		<defaultRemoveGraphs>
		</defaultRemoveGraphs>
	</dataset>
</query>

[DEBUG] 2016-09-20 15:50:13,516 [repositories/trees | c.o.t.q.LoggingClosableIteration] Query executed successfully
<?xml version='1.0'?>
<query includeInferred='true' maxExecutionTime='0'>
	<body>PREFIX rdfs: &lt;http://www.w3.org/2000/01/rdf-schema#&gt;
SELECT DISTINCT ?s  ?o
FROM &lt;http://data.lof.com/tree&gt; WHERE {
	?s &lt;http://data.lof.com/def/tonto#anneeDePlantation&gt; ?o .
} order by desc (?o) limit 1000 offset 0</body>
	<dataset>
		<defaultGraphs>
			<graph>http://data.lof.com/tree</graph>
		</defaultGraphs>
		<namedGraphs>
		</namedGraphs>
		<defaultRemoveGraphs>
		</defaultRemoveGraphs>
	</dataset>
</query>

[DEBUG] 2016-09-20 15:50:14,477 [repositories/trees | c.o.t.q.LoggingClosableIteration] Query executed successfully
<?xml version='1.0'?>
<query includeInferred='true' maxExecutionTime='0'>
	<body>PREFIX rdfs: &lt;http://www.w3.org/2000/01/rdf-schema#&gt;
SELECT DISTINCT ?s  ?o
FROM &lt;http://data.lof.com/tree&gt; WHERE {
	?s &lt;http://data.lof.com/def/tonto#anneeDePlantation&gt; ?o .
} order by desc (?o)</body>
	<dataset>
		<defaultGraphs>
			<graph>http://data.lof.com/tree</graph>
			<graph>http://www.ontotext.com/count</graph>
		</defaultGraphs>
		<namedGraphs>
		</namedGraphs>
		<defaultRemoveGraphs>
		</defaultRemoveGraphs>
	</dataset>
</query>

[DEBUG] 2016-09-20 15:50:38,136 [repositories/trees | c.o.t.q.LoggingClosableIteration] Query executed successfully
<?xml version='1.0'?>
<query includeInferred='true' maxExecutionTime='0'>
	<body>PREFIX rdfs: &lt;http://www.w3.org/2000/01/rdf-schema#&gt;
SELECT DISTINCT ?s  ?o
FROM &lt;http://data.lof.com/tree&gt; WHERE {
	?s &lt;http://data.lof.com/def/tonto#anneeDePlantation&gt; ?o .
} order by desc (?o) limit 1000 offset 1000</body>
	<dataset>
		<defaultGraphs>
			<graph>http://data.lof.com/tree</graph>
		</defaultGraphs>
		<namedGraphs>
		</namedGraphs>
		<defaultRemoveGraphs>
		</defaultRemoveGraphs>
	</dataset>
</query>

[DEBUG] 2016-09-20 15:50:38,889 [repositories/trees | c.o.t.q.LoggingClosableIteration] Query executed successfully
<?xml version='1.0'?>
<query includeInferred='true' maxExecutionTime='0'>
	<body>PREFIX rdfs: &lt;http://www.w3.org/2000/01/rdf-schema#&gt;
SELECT DISTINCT ?s  ?o
FROM &lt;http://data.lof.com/tree&gt; WHERE {
	?s &lt;http://data.lof.com/def/tonto#anneeDePlantation&gt; ?o .
} order by desc (?o)</body>
	<dataset>
		<defaultGraphs>
			<graph>http://data.lof.com/tree</graph>
			<graph>http://www.ontotext.com/count</graph>
		</defaultGraphs>
		<namedGraphs>
		</namedGraphs>
		<defaultRemoveGraphs>
		</defaultRemoveGraphs>
	</dataset>
</query>

[DEBUG] 2016-09-20 15:50:41,914 [repositories/trees | c.o.t.q.LoggingClosableIteration] Query executed successfully
<?xml version='1.0'?>
<query includeInferred='true' maxExecutionTime='0'>
	<body>PREFIX rdfs: &lt;http://www.w3.org/2000/01/rdf-schema#&gt;
SELECT DISTINCT ?s  ?o
FROM &lt;http://data.lof.com/tree&gt; WHERE {
	?s &lt;http://data.lof.com/def/tonto#anneeDePlantation&gt; ?o .
} order by desc (?o) limit 1000 offset 2000</body>
	<dataset>
		<defaultGraphs>
			<graph>http://data.lof.com/tree</graph>
		</defaultGraphs>
		<namedGraphs>
		</namedGraphs>
		<defaultRemoveGraphs>
		</defaultRemoveGraphs>
	</dataset>
</query>

[DEBUG] 2016-09-20 15:50:42,713 [repositories/trees | c.o.t.q.LoggingClosableIteration] Query executed successfully
<?xml version='1.0'?>
<query includeInferred='true' maxExecutionTime='0'>
	<body>PREFIX rdfs: &lt;http://www.w3.org/2000/01/rdf-schema#&gt;
SELECT DISTINCT ?s  ?o
FROM &lt;http://data.lof.com/tree&gt; WHERE {
	?s &lt;http://data.lof.com/def/tonto#anneeDePlantation&gt; ?o .
} order by desc (?o)</body>
	<dataset>
		<defaultGraphs>
			<graph>http://data.lof.com/tree</graph>
			<graph>http://www.ontotext.com/count</graph>
		</defaultGraphs>
		<namedGraphs>
		</namedGraphs>
		<defaultRemoveGraphs>
		</defaultRemoveGraphs>
	</dataset>
</query>

[DEBUG] 2016-09-20 15:50:47,497 [repositories/trees | c.o.t.q.LoggingClosableIteration] Query executed successfully
<?xml version='1.0'?>
<query includeInferred='true' maxExecutionTime='0'>
	<body>PREFIX rdfs: &lt;http://www.w3.org/2000/01/rdf-schema#&gt;
SELECT DISTINCT ?s  ?o
FROM &lt;http://data.lof.com/tree&gt; WHERE {
	?s &lt;http://data.lof.com/def/tonto#anneeDePlantation&gt; ?o .
} order by desc (?o) limit 1000 offset 1000</body>
	<dataset>
		<defaultGraphs>
			<graph>http://data.lof.com/tree</graph>
		</defaultGraphs>
		<namedGraphs>
		</namedGraphs>
		<defaultRemoveGraphs>
		</defaultRemoveGraphs>
	</dataset>
</query>

[DEBUG] 2016-09-20 15:50:48,221 [repositories/trees | c.o.t.q.LoggingClosableIteration] Query executed successfully
<?xml version='1.0'?>
<query includeInferred='true' maxExecutionTime='0'>
	<body>PREFIX rdfs: &lt;http://www.w3.org/2000/01/rdf-schema#&gt;
SELECT DISTINCT ?s  ?o
FROM &lt;http://data.lof.com/tree&gt; WHERE {
	?s &lt;http://data.lof.com/def/tonto#anneeDePlantation&gt; ?o .
} order by desc (?o)</body>
	<dataset>
		<defaultGraphs>
			<graph>http://data.lof.com/tree</graph>
			<graph>http://www.ontotext.com/count</graph>
		</defaultGraphs>
		<namedGraphs>
		</namedGraphs>
		<defaultRemoveGraphs>
		</defaultRemoveGraphs>
	</dataset>
</query>

[DEBUG] 2016-09-20 15:51:32,625 [repositories/trees | c.o.t.q.LoggingClosableIteration] Query executed successfully
<?xml version='1.0'?>
<query includeInferred='true' maxExecutionTime='0'>
	<body>PREFIX rdfs: &lt;http://www.w3.org/2000/01/rdf-schema#&gt;
SELECT DISTINCT ?s  ?o
FROM &lt;http://data.lof.com/tree&gt; WHERE {
	?s &lt;http://data.lof.com/def/tonto#anneeDePlantation&gt; ?o .
    filter (?o &gt; "2006")
} order by desc (?o) limit 1000 offset 0</body>
	<dataset>
		<defaultGraphs>
			<graph>http://data.lof.com/tree</graph>
		</defaultGraphs>
		<namedGraphs>
		</namedGraphs>
		<defaultRemoveGraphs>
		</defaultRemoveGraphs>
	</dataset>
</query>

[DEBUG] 2016-09-20 15:51:33,247 [repositories/trees | c.o.t.q.LoggingClosableIteration] Query executed successfully
<?xml version='1.0'?>
<query includeInferred='true' maxExecutionTime='0'>
	<body>PREFIX rdfs: &lt;http://www.w3.org/2000/01/rdf-schema#&gt;
SELECT DISTINCT ?s  ?o
FROM &lt;http://data.lof.com/tree&gt; WHERE {
	?s &lt;http://data.lof.com/def/tonto#anneeDePlantation&gt; ?o .
    filter (?o &gt; "2006")
} order by desc (?o)</body>
	<dataset>
		<defaultGraphs>
			<graph>http://data.lof.com/tree</graph>
			<graph>http://www.ontotext.com/count</graph>
		</defaultGraphs>
		<namedGraphs>
		</namedGraphs>
		<defaultRemoveGraphs>
		</defaultRemoveGraphs>
	</dataset>
</query>

[DEBUG] 2016-09-20 15:51:45,048 [repositories/trees | c.o.t.q.LoggingClosableIteration] Query executed successfully
<?xml version='1.0'?>
<query includeInferred='true' maxExecutionTime='0'>
	<body>PREFIX rdfs: &lt;http://www.w3.org/2000/01/rdf-schema#&gt;
SELECT DISTINCT ?s  ?o
FROM &lt;http://data.lof.com/tree&gt; WHERE {
	?s &lt;http://data.lof.com/def/tonto#anneeDePlantation&gt; ?o .
    filter (?o &lt; "2006")
} order by desc (?o) limit 1000 offset 0</body>
	<dataset>
		<defaultGraphs>
			<graph>http://data.lof.com/tree</graph>
		</defaultGraphs>
		<namedGraphs>
		</namedGraphs>
		<defaultRemoveGraphs>
		</defaultRemoveGraphs>
	</dataset>
</query>

[DEBUG] 2016-09-20 15:51:45,806 [repositories/trees | c.o.t.q.LoggingClosableIteration] Query executed successfully
<?xml version='1.0'?>
<query includeInferred='true' maxExecutionTime='0'>
	<body>PREFIX rdfs: &lt;http://www.w3.org/2000/01/rdf-schema#&gt;
SELECT DISTINCT ?s  ?o
FROM &lt;http://data.lof.com/tree&gt; WHERE {
	?s &lt;http://data.lof.com/def/tonto#anneeDePlantation&gt; ?o .
    filter (?o &lt; "2006")
} order by desc (?o)</body>
	<dataset>
		<defaultGraphs>
			<graph>http://data.lof.com/tree</graph>
			<graph>http://www.ontotext.com/count</graph>
		</defaultGraphs>
		<namedGraphs>
		</namedGraphs>
		<defaultRemoveGraphs>
		</defaultRemoveGraphs>
	</dataset>
</query>

[DEBUG] 2016-09-20 15:52:06,531 [repositories/trees | c.o.t.q.LoggingClosableIteration] Query executed successfully
<?xml version='1.0'?>
<query includeInferred='true' maxExecutionTime='0'>
	<body>PREFIX rdfs: &lt;http://www.w3.org/2000/01/rdf-schema#&gt;
SELECT DISTINCT ?s  ?o
FROM &lt;http://data.lof.com/tree&gt; WHERE {
	?s &lt;http://data.lof.com/def/tonto#anneeDePlantation&gt; ?o .
    filter (?o &lt; "1999")
} order by desc (?o) limit 1000 offset 0</body>
	<dataset>
		<defaultGraphs>
			<graph>http://data.lof.com/tree</graph>
		</defaultGraphs>
		<namedGraphs>
		</namedGraphs>
		<defaultRemoveGraphs>
		</defaultRemoveGraphs>
	</dataset>
</query>

[DEBUG] 2016-09-20 15:52:06,570 [repositories/trees | c.o.t.q.LoggingClosableIteration] Query executed successfully
<?xml version='1.0'?>
<query includeInferred='true' maxExecutionTime='0'>
	<body>PREFIX rdfs: &lt;http://www.w3.org/2000/01/rdf-schema#&gt;
SELECT DISTINCT ?s  ?o
FROM &lt;http://data.lof.com/tree&gt; WHERE {
	?s &lt;http://data.lof.com/def/tonto#anneeDePlantation&gt; ?o .
    filter (?o &lt; "1999")
} order by desc (?o)</body>
	<dataset>
		<defaultGraphs>
			<graph>http://data.lof.com/tree</graph>
			<graph>http://www.ontotext.com/count</graph>
		</defaultGraphs>
		<namedGraphs>
		</namedGraphs>
		<defaultRemoveGraphs>
		</defaultRemoveGraphs>
	</dataset>
</query>

[DEBUG] 2016-09-20 15:52:12,935 [repositories/trees | c.o.t.q.LoggingClosableIteration] Query executed successfully
<?xml version='1.0'?>
<query includeInferred='true' maxExecutionTime='0'>
	<body>PREFIX rdfs: &lt;http://www.w3.org/2000/01/rdf-schema#&gt;
SELECT DISTINCT ?s  ?o
FROM &lt;http://data.lof.com/tree&gt; WHERE {
	?s &lt;http://data.lof.com/def/tonto#anneeDePlantation&gt; ?o .
    filter (?o &lt; "2000")
} order by desc (?o) limit 1000 offset 0</body>
	<dataset>
		<defaultGraphs>
			<graph>http://data.lof.com/tree</graph>
		</defaultGraphs>
		<namedGraphs>
		</namedGraphs>
		<defaultRemoveGraphs>
		</defaultRemoveGraphs>
	</dataset>
</query>

[DEBUG] 2016-09-20 15:52:12,968 [repositories/trees | c.o.t.q.LoggingClosableIteration] Query executed successfully
<?xml version='1.0'?>
<query includeInferred='true' maxExecutionTime='0'>
	<body>PREFIX rdfs: &lt;http://www.w3.org/2000/01/rdf-schema#&gt;
SELECT DISTINCT ?s  ?o
FROM &lt;http://data.lof.com/tree&gt; WHERE {
	?s &lt;http://data.lof.com/def/tonto#anneeDePlantation&gt; ?o .
    filter (?o &lt; "2000")
} order by desc (?o)</body>
	<dataset>
		<defaultGraphs>
			<graph>http://data.lof.com/tree</graph>
			<graph>http://www.ontotext.com/count</graph>
		</defaultGraphs>
		<namedGraphs>
		</namedGraphs>
		<defaultRemoveGraphs>
		</defaultRemoveGraphs>
	</dataset>
</query>

[DEBUG] 2016-09-20 15:52:21,515 [repositories/trees | c.o.t.q.LoggingClosableIteration] Query executed successfully
<?xml version='1.0'?>
<query includeInferred='true' maxExecutionTime='0'>
	<body>PREFIX rdfs: &lt;http://www.w3.org/2000/01/rdf-schema#&gt;
SELECT DISTINCT ?s  ?o
FROM &lt;http://data.lof.com/tree&gt; WHERE {
	?s &lt;http://data.lof.com/def/tonto#anneeDePlantation&gt; ?o .
    filter (?o &lt; "2008")
} order by desc (?o) limit 1000 offset 0</body>
	<dataset>
		<defaultGraphs>
			<graph>http://data.lof.com/tree</graph>
		</defaultGraphs>
		<namedGraphs>
		</namedGraphs>
		<defaultRemoveGraphs>
		</defaultRemoveGraphs>
	</dataset>
</query>

[DEBUG] 2016-09-20 15:52:22,472 [repositories/trees | c.o.t.q.LoggingClosableIteration] Query executed successfully
<?xml version='1.0'?>
<query includeInferred='true' maxExecutionTime='0'>
	<body>PREFIX rdfs: &lt;http://www.w3.org/2000/01/rdf-schema#&gt;
SELECT DISTINCT ?s  ?o
FROM &lt;http://data.lof.com/tree&gt; WHERE {
	?s &lt;http://data.lof.com/def/tonto#anneeDePlantation&gt; ?o .
    filter (?o &lt; "2008")
} order by desc (?o)</body>
	<dataset>
		<defaultGraphs>
			<graph>http://data.lof.com/tree</graph>
			<graph>http://www.ontotext.com/count</graph>
		</defaultGraphs>
		<namedGraphs>
		</namedGraphs>
		<defaultRemoveGraphs>
		</defaultRemoveGraphs>
	</dataset>
</query>

[DEBUG] 2016-09-20 15:52:48,156 [repositories/trees | c.o.t.q.LoggingClosableIteration] Query executed successfully
<?xml version='1.0'?>
<query includeInferred='true' maxExecutionTime='0'>
	<body>PREFIX rdfs: &lt;http://www.w3.org/2000/01/rdf-schema#&gt;
SELECT DISTINCT ?s  ?o
FROM &lt;http://data.lof.com/tree&gt; WHERE {
	?s &lt;http://data.lof.com/def/tonto#anneeDePlantation&gt; ?o .
    filter (?o &gt; "2010")
} order by desc (?o) limit 1000 offset 0</body>
	<dataset>
		<defaultGraphs>
			<graph>http://data.lof.com/tree</graph>
		</defaultGraphs>
		<namedGraphs>
		</namedGraphs>
		<defaultRemoveGraphs>
		</defaultRemoveGraphs>
	</dataset>
</query>

[DEBUG] 2016-09-20 15:52:48,604 [repositories/trees | c.o.t.q.LoggingClosableIteration] Query executed successfully
<?xml version='1.0'?>
<query includeInferred='true' maxExecutionTime='0'>
	<body>PREFIX rdfs: &lt;http://www.w3.org/2000/01/rdf-schema#&gt;
SELECT DISTINCT ?s  ?o
FROM &lt;http://data.lof.com/tree&gt; WHERE {
	?s &lt;http://data.lof.com/def/tonto#anneeDePlantation&gt; ?o .
    filter (?o &gt; "2010")
} order by desc (?o)</body>
	<dataset>
		<defaultGraphs>
			<graph>http://data.lof.com/tree</graph>
			<graph>http://www.ontotext.com/count</graph>
		</defaultGraphs>
		<namedGraphs>
		</namedGraphs>
		<defaultRemoveGraphs>
		</defaultRemoveGraphs>
	</dataset>
</query>

[DEBUG] 2016-09-20 15:52:56,449 [http-nio-7200-exec-7 | c.o.t.q.LoggingClosableIteration] Query executed successfully
<?xml version='1.0'?>
<query includeInferred='true' maxExecutionTime='0'>
	<body>SELECT *
		FROM NAMED &lt;http://www.ontotext.com/skip-redundant-implicit&gt;
		FROM NAMED &lt;http://www.ontotext.com/explicit&gt;
		
		FROM &lt;http://www.ontotext.com/disable-sameAs&gt;
		WHERE {
			{ 
				GRAPH ?context { ?subject ?predicate ?object }
				FILTER (?predicate != &lt;http://dbpedia.org/property/wikilink&gt; ) .
				FILTER (?subject = &lt;http://data.lof.com/id/tree/esp31275&gt;) . 
			}
		} LIMIT 1000 OFFSET 0</body>
	<dataset>
		<defaultGraphs>
			<graph>http://www.ontotext.com/disable-sameAs</graph>
		</defaultGraphs>
		<namedGraphs>
			<graph>http://www.ontotext.com/skip-redundant-implicit</graph>
			<graph>http://www.ontotext.com/explicit</graph>
		</namedGraphs>
		<defaultRemoveGraphs>
		</defaultRemoveGraphs>
	</dataset>
</query>

[DEBUG] 2016-09-20 15:52:56,463 [http-nio-7200-exec-3 | c.o.t.q.LoggingClosableIteration] Query executed successfully
<?xml version='1.0'?>
<query includeInferred='true' maxExecutionTime='0'>
	<body>SELECT *
		FROM NAMED &lt;http://www.ontotext.com/skip-redundant-implicit&gt;
		FROM NAMED &lt;http://www.ontotext.com/explicit&gt;
		
		FROM &lt;http://www.ontotext.com/disable-sameAs&gt;
		WHERE {
			{ 
				GRAPH ?context { ?subject ?predicate ?object }
				FILTER (?predicate != &lt;http://dbpedia.org/property/wikilink&gt; ) .
				FILTER (?subject = &lt;http://data.lof.com/id/tree/esp31275&gt;) . 
			}
		} LIMIT 2147483647 OFFSET 0</body>
	<dataset>
		<defaultGraphs>
			<graph>http://www.ontotext.com/count</graph>
		</defaultGraphs>
		<namedGraphs>
			<graph>http://www.ontotext.com/skip-redundant-implicit</graph>
			<graph>http://www.ontotext.com/explicit</graph>
		</namedGraphs>
		<defaultRemoveGraphs>
		</defaultRemoveGraphs>
	</dataset>
</query>

[DEBUG] 2016-09-20 15:52:56,467 [http-nio-7200-exec-5 | c.o.t.q.LoggingClosableIteration] Query executed successfully
<?xml version='1.0'?>
<query includeInferred='true' maxExecutionTime='0'>
	<body>SELECT * WHERE {
			OPTIONAL {
				&lt;http://data.lof.com/id/tree/esp31275&gt; &lt;http://www.w3.org/2000/01/rdf-schema#label&gt; ?label . 
				FILTER (isLiteral(?label))
			}
			OPTIONAL {
				&lt;http://data.lof.com/id/tree/esp31275&gt; &lt;http://www.w3.org/2000/01/rdf-schema#comment&gt; ?comment
				FILTER (isLiteral(?comment))
			}
			OPTIONAL {
				&lt;http://data.lof.com/id/tree/esp31275&gt; &lt;http://www.ontotext.com/owlim/hasRDFRank&gt; ?rank
			}
		} LIMIT 1</body>
</query>

[DEBUG] 2016-09-20 15:53:48,444 [repositories/trees | c.o.t.q.LoggingClosableIteration] Query executed successfully
<?xml version='1.0'?>
<query includeInferred='true' maxExecutionTime='0'>
	<body>PREFIX rdfs: &lt;http://www.w3.org/2000/01/rdf-schema#&gt;
SELECT DISTINCT ?s  ?o
FROM &lt;http://data.lof.com/tree&gt; WHERE {
	?s &lt;http://data.lof.com/def/tonto#anneeDePlantation&gt; ?o .
    ?s &lt;http://data.lof.com/def/tonto#genreBotanique&gt; ?c
    #filter (?o &gt; "2010")
        filter (?c = "celtis")
} order by desc (?o) limit 1000 offset 0</body>
	<dataset>
		<defaultGraphs>
			<graph>http://data.lof.com/tree</graph>
		</defaultGraphs>
		<namedGraphs>
		</namedGraphs>
		<defaultRemoveGraphs>
		</defaultRemoveGraphs>
	</dataset>
</query>

[DEBUG] 2016-09-20 15:53:48,478 [repositories/trees | c.o.t.q.LoggingClosableIteration] Query executed successfully
<?xml version='1.0'?>
<query includeInferred='true' maxExecutionTime='0'>
	<body>PREFIX rdfs: &lt;http://www.w3.org/2000/01/rdf-schema#&gt;
SELECT DISTINCT ?s  ?o
FROM &lt;http://data.lof.com/tree&gt; WHERE {
	?s &lt;http://data.lof.com/def/tonto#anneeDePlantation&gt; ?o .
    ?s &lt;http://data.lof.com/def/tonto#genreBotanique&gt; ?c
    #filter (?o &gt; "2010")
        filter (?c = "celtis")
} order by desc (?o)</body>
	<dataset>
		<defaultGraphs>
			<graph>http://data.lof.com/tree</graph>
			<graph>http://www.ontotext.com/count</graph>
		</defaultGraphs>
		<namedGraphs>
		</namedGraphs>
		<defaultRemoveGraphs>
		</defaultRemoveGraphs>
	</dataset>
</query>

[DEBUG] 2016-09-20 15:53:59,876 [repositories/trees | c.o.t.q.LoggingClosableIteration] Query executed successfully
<?xml version='1.0'?>
<query includeInferred='true' maxExecutionTime='0'>
	<body>PREFIX rdfs: &lt;http://www.w3.org/2000/01/rdf-schema#&gt;
SELECT DISTINCT ?s  ?o
FROM &lt;http://data.lof.com/tree&gt; WHERE {
	#?s &lt;http://data.lof.com/def/tonto#anneeDePlantation&gt; ?o .
    ?s &lt;http://data.lof.com/def/tonto#genreBotanique&gt; ?c
    #filter (?o &gt; "2010")
       # filter (?c = "celtis")
} order by desc (?o) limit 1000 offset 0</body>
	<dataset>
		<defaultGraphs>
			<graph>http://data.lof.com/tree</graph>
		</defaultGraphs>
		<namedGraphs>
		</namedGraphs>
		<defaultRemoveGraphs>
		</defaultRemoveGraphs>
	</dataset>
</query>

[DEBUG] 2016-09-20 15:54:03,411 [repositories/trees | c.o.t.q.LoggingClosableIteration] Query executed successfully
<?xml version='1.0'?>
<query includeInferred='true' maxExecutionTime='0'>
	<body>PREFIX rdfs: &lt;http://www.w3.org/2000/01/rdf-schema#&gt;
SELECT DISTINCT ?s  ?o
FROM &lt;http://data.lof.com/tree&gt; WHERE {
	#?s &lt;http://data.lof.com/def/tonto#anneeDePlantation&gt; ?o .
    ?s &lt;http://data.lof.com/def/tonto#genreBotanique&gt; ?c
    #filter (?o &gt; "2010")
       # filter (?c = "celtis")
} order by desc (?o)</body>
	<dataset>
		<defaultGraphs>
			<graph>http://data.lof.com/tree</graph>
			<graph>http://www.ontotext.com/count</graph>
		</defaultGraphs>
		<namedGraphs>
		</namedGraphs>
		<defaultRemoveGraphs>
		</defaultRemoveGraphs>
	</dataset>
</query>

[DEBUG] 2016-09-20 15:54:10,332 [repositories/trees | c.o.t.q.LoggingClosableIteration] Query executed successfully
<?xml version='1.0'?>
<query includeInferred='true' maxExecutionTime='0'>
	<body>PREFIX rdfs: &lt;http://www.w3.org/2000/01/rdf-schema#&gt;
SELECT DISTINCT ?s  ?o
FROM &lt;http://data.lof.com/tree&gt; WHERE {
	#?s &lt;http://data.lof.com/def/tonto#anneeDePlantation&gt; ?o .
    ?s &lt;http://data.lof.com/def/tonto#genreBotanique&gt; ?o
    #filter (?o &gt; "2010")
       # filter (?c = "celtis")
} order by desc (?o) limit 1000 offset 0</body>
	<dataset>
		<defaultGraphs>
			<graph>http://data.lof.com/tree</graph>
		</defaultGraphs>
		<namedGraphs>
		</namedGraphs>
		<defaultRemoveGraphs>
		</defaultRemoveGraphs>
	</dataset>
</query>

[DEBUG] 2016-09-20 15:54:11,066 [repositories/trees | c.o.t.q.LoggingClosableIteration] Query executed successfully
<?xml version='1.0'?>
<query includeInferred='true' maxExecutionTime='0'>
	<body>PREFIX rdfs: &lt;http://www.w3.org/2000/01/rdf-schema#&gt;
SELECT DISTINCT ?s  ?o
FROM &lt;http://data.lof.com/tree&gt; WHERE {
	#?s &lt;http://data.lof.com/def/tonto#anneeDePlantation&gt; ?o .
    ?s &lt;http://data.lof.com/def/tonto#genreBotanique&gt; ?o
    #filter (?o &gt; "2010")
       # filter (?c = "celtis")
} order by desc (?o)</body>
	<dataset>
		<defaultGraphs>
			<graph>http://data.lof.com/tree</graph>
			<graph>http://www.ontotext.com/count</graph>
		</defaultGraphs>
		<namedGraphs>
		</namedGraphs>
		<defaultRemoveGraphs>
		</defaultRemoveGraphs>
	</dataset>
</query>

[DEBUG] 2016-09-20 15:54:20,942 [repositories/trees | c.o.t.q.LoggingClosableIteration] Query executed successfully
<?xml version='1.0'?>
<query includeInferred='true' maxExecutionTime='0'>
	<body>PREFIX rdfs: &lt;http://www.w3.org/2000/01/rdf-schema#&gt;
SELECT DISTINCT   ?o
FROM &lt;http://data.lof.com/tree&gt; WHERE {
	#?s &lt;http://data.lof.com/def/tonto#anneeDePlantation&gt; ?o .
    ?s &lt;http://data.lof.com/def/tonto#genreBotanique&gt; ?o
    #filter (?o &gt; "2010")
       # filter (?c = "celtis")
} order by desc (?o) limit 1000 offset 0</body>
	<dataset>
		<defaultGraphs>
			<graph>http://data.lof.com/tree</graph>
		</defaultGraphs>
		<namedGraphs>
		</namedGraphs>
		<defaultRemoveGraphs>
		</defaultRemoveGraphs>
	</dataset>
</query>

[DEBUG] 2016-09-20 15:54:21,081 [repositories/trees | c.o.t.q.LoggingClosableIteration] Query executed successfully
<?xml version='1.0'?>
<query includeInferred='true' maxExecutionTime='0'>
	<body>PREFIX rdfs: &lt;http://www.w3.org/2000/01/rdf-schema#&gt;
SELECT DISTINCT   ?o
FROM &lt;http://data.lof.com/tree&gt; WHERE {
	#?s &lt;http://data.lof.com/def/tonto#anneeDePlantation&gt; ?o .
    ?s &lt;http://data.lof.com/def/tonto#genreBotanique&gt; ?o
    #filter (?o &gt; "2010")
       # filter (?c = "celtis")
} order by desc (?o)</body>
	<dataset>
		<defaultGraphs>
			<graph>http://data.lof.com/tree</graph>
			<graph>http://www.ontotext.com/count</graph>
		</defaultGraphs>
		<namedGraphs>
		</namedGraphs>
		<defaultRemoveGraphs>
		</defaultRemoveGraphs>
	</dataset>
</query>

[DEBUG] 2016-09-20 15:55:18,851 [repositories/trees | c.o.t.q.LoggingClosableIteration] Query executed successfully
<?xml version='1.0'?>
<query includeInferred='true' maxExecutionTime='0'>
	<body>PREFIX rdfs: &lt;http://www.w3.org/2000/01/rdf-schema#&gt;
SELECT DISTINCT   ?or
FROM &lt;http://data.lof.com/tree&gt; WHERE {
	#?s &lt;http://data.lof.com/def/tonto#anneeDePlantation&gt; ?o .
    ?s &lt;http://data.lof.com/def/tonto#genreBotanique&gt; ?o
        BIND(LCASE(?o) AS ?or)
    #filter (?o &gt; "2010")
       # filter (?c = "celtis")
} order by desc (?or) limit 1000 offset 0</body>
	<dataset>
		<defaultGraphs>
			<graph>http://data.lof.com/tree</graph>
		</defaultGraphs>
		<namedGraphs>
		</namedGraphs>
		<defaultRemoveGraphs>
		</defaultRemoveGraphs>
	</dataset>
</query>

[DEBUG] 2016-09-20 15:55:18,999 [repositories/trees | c.o.t.q.LoggingClosableIteration] Query executed successfully
<?xml version='1.0'?>
<query includeInferred='true' maxExecutionTime='0'>
	<body>PREFIX rdfs: &lt;http://www.w3.org/2000/01/rdf-schema#&gt;
SELECT DISTINCT   ?or
FROM &lt;http://data.lof.com/tree&gt; WHERE {
	#?s &lt;http://data.lof.com/def/tonto#anneeDePlantation&gt; ?o .
    ?s &lt;http://data.lof.com/def/tonto#genreBotanique&gt; ?o
        BIND(LCASE(?o) AS ?or)
    #filter (?o &gt; "2010")
       # filter (?c = "celtis")
} order by desc (?or)</body>
	<dataset>
		<defaultGraphs>
			<graph>http://data.lof.com/tree</graph>
			<graph>http://www.ontotext.com/count</graph>
		</defaultGraphs>
		<namedGraphs>
		</namedGraphs>
		<defaultRemoveGraphs>
		</defaultRemoveGraphs>
	</dataset>
</query>

[DEBUG] 2016-09-20 15:55:30,300 [repositories/trees | c.o.t.q.LoggingClosableIteration] Query executed successfully
<?xml version='1.0'?>
<query includeInferred='true' maxExecutionTime='0'>
	<body>PREFIX rdfs: &lt;http://www.w3.org/2000/01/rdf-schema#&gt;
SELECT DISTINCT   ?or
FROM &lt;http://data.lof.com/tree&gt; WHERE {
	#?s &lt;http://data.lof.com/def/tonto#anneeDePlantation&gt; ?o .
    ?s &lt;http://data.lof.com/def/tonto#genreBotanique&gt; ?o
        BIND(LCASE(?o) AS ?or)
    #filter (?o &gt; "2010")
       # filter (?c = "celtis")
} order by asc (?or) limit 1000 offset 0</body>
	<dataset>
		<defaultGraphs>
			<graph>http://data.lof.com/tree</graph>
		</defaultGraphs>
		<namedGraphs>
		</namedGraphs>
		<defaultRemoveGraphs>
		</defaultRemoveGraphs>
	</dataset>
</query>

[DEBUG] 2016-09-20 15:55:30,450 [repositories/trees | c.o.t.q.LoggingClosableIteration] Query executed successfully
<?xml version='1.0'?>
<query includeInferred='true' maxExecutionTime='0'>
	<body>PREFIX rdfs: &lt;http://www.w3.org/2000/01/rdf-schema#&gt;
SELECT DISTINCT   ?or
FROM &lt;http://data.lof.com/tree&gt; WHERE {
	#?s &lt;http://data.lof.com/def/tonto#anneeDePlantation&gt; ?o .
    ?s &lt;http://data.lof.com/def/tonto#genreBotanique&gt; ?o
        BIND(LCASE(?o) AS ?or)
    #filter (?o &gt; "2010")
       # filter (?c = "celtis")
} order by asc (?or)</body>
	<dataset>
		<defaultGraphs>
			<graph>http://data.lof.com/tree</graph>
			<graph>http://www.ontotext.com/count</graph>
		</defaultGraphs>
		<namedGraphs>
		</namedGraphs>
		<defaultRemoveGraphs>
		</defaultRemoveGraphs>
	</dataset>
</query>

[DEBUG] 2016-09-20 15:56:55,672 [repositories/trees | c.o.t.q.LoggingClosableIteration] Query executed successfully
<?xml version='1.0'?>
<query includeInferred='true' maxExecutionTime='0'>
	<body>PREFIX rdfs: &lt;http://www.w3.org/2000/01/rdf-schema#&gt;
SELECT DISTINCT ?s  ?o
FROM &lt;http://data.lof.com/tree&gt; WHERE {
	?s &lt;http://data.lof.com/def/tonto#anneeDePlantation&gt; ?o .
   # ?s &lt;http://data.lof.com/def/tonto#genreBotanique&gt; ?o
     #   BIND(LCASE(?o) AS ?or)
    #filter (?o &gt; "2010")
       # filter (?c = "celtis")
} #order by asc (?or) limit 1000 offset 0</body>
	<dataset>
		<defaultGraphs>
			<graph>http://data.lof.com/tree</graph>
		</defaultGraphs>
		<namedGraphs>
		</namedGraphs>
		<defaultRemoveGraphs>
		</defaultRemoveGraphs>
	</dataset>
</query>

[DEBUG] 2016-09-20 15:57:05,436 [repositories/trees | c.o.t.q.LoggingClosableIteration] Query executed successfully
<?xml version='1.0'?>
<query includeInferred='true' maxExecutionTime='0'>
	<body>PREFIX rdfs: &lt;http://www.w3.org/2000/01/rdf-schema#&gt;
SELECT DISTINCT ?s  ?o
FROM &lt;http://data.lof.com/tree&gt; WHERE {
	?s &lt;http://data.lof.com/def/tonto#anneeDePlantation&gt; ?o .
   # ?s &lt;http://data.lof.com/def/tonto#genreBotanique&gt; ?o
     #   BIND(LCASE(?o) AS ?or)
    #filter (?o &gt; "2010")
       # filter (?c = "celtis")
} #order by asc (?or)</body>
	<dataset>
		<defaultGraphs>
			<graph>http://data.lof.com/tree</graph>
			<graph>http://www.ontotext.com/count</graph>
		</defaultGraphs>
		<namedGraphs>
		</namedGraphs>
		<defaultRemoveGraphs>
		</defaultRemoveGraphs>
	</dataset>
</query>

[DEBUG] 2016-09-20 15:57:23,583 [repositories/trees | c.o.t.q.LoggingClosableIteration] Query executed successfully
<?xml version='1.0'?>
<query includeInferred='true' maxExecutionTime='0'>
	<body>PREFIX rdfs: &lt;http://www.w3.org/2000/01/rdf-schema#&gt;
SELECT DISTINCT ?s  ?o
FROM &lt;http://data.lof.com/tree&gt; WHERE {
	?s &lt;http://data.lof.com/def/tonto#anneeDePlantation&gt; ?o .
   # ?s &lt;http://data.lof.com/def/tonto#genreBotanique&gt; ?o
     #   BIND(LCASE(?o) AS ?or)
    #filter (?o &gt; "2010")
       # filter (?c = "celtis")
}   limit 25 offset 0</body>
	<dataset>
		<defaultGraphs>
			<graph>http://data.lof.com/tree</graph>
		</defaultGraphs>
		<namedGraphs>
		</namedGraphs>
		<defaultRemoveGraphs>
		</defaultRemoveGraphs>
	</dataset>
</query>

[DEBUG] 2016-09-20 15:57:23,641 [repositories/trees | c.o.t.q.LoggingClosableIteration] Query executed successfully
<?xml version='1.0'?>
<query includeInferred='true' maxExecutionTime='0'>
	<body>PREFIX rdfs: &lt;http://www.w3.org/2000/01/rdf-schema#&gt;
SELECT DISTINCT ?s  ?o
FROM &lt;http://data.lof.com/tree&gt; WHERE {
	?s &lt;http://data.lof.com/def/tonto#anneeDePlantation&gt; ?o .
   # ?s &lt;http://data.lof.com/def/tonto#genreBotanique&gt; ?o
     #   BIND(LCASE(?o) AS ?or)
    #filter (?o &gt; "2010")
       # filter (?c = "celtis")
} limit 25</body>
	<dataset>
		<defaultGraphs>
			<graph>http://data.lof.com/tree</graph>
			<graph>http://www.ontotext.com/count</graph>
		</defaultGraphs>
		<namedGraphs>
		</namedGraphs>
		<defaultRemoveGraphs>
		</defaultRemoveGraphs>
	</dataset>
</query>

